2021-02-20 19:47:35,741 [Worker-5: Loading available Gradle versions] INFO  o.e.b.c.i.u.g.PublishedGradleVersions - Gradle version information cache is up-to-date. Trying to read.
2021-02-20 19:56:22,854 [Worker-10: Import Getting Started Content] INFO  o.e.m.c.i.l.LifecycleMappingFactory - Using org.eclipse.m2e.jdt.JarLifecycleMapping lifecycle mapping for MavenProject: com.hntecnologia:document:0.0.1-SNAPSHOT @ C:\Users\vitor\curso de java\HNTecnologia\backend\document\pom.xml.
2021-02-20 19:56:30,814 [Worker-10: Import Getting Started Content] INFO  o.e.m.j.i.AbstractJavaProjectConfigurator - Adding source folder /document/src/main/java
2021-02-20 19:56:30,815 [Worker-10: Import Getting Started Content] INFO  o.e.m.j.i.AbstractJavaProjectConfigurator - Adding resource folder /document/src/main/resources
2021-02-20 19:56:30,827 [Worker-10: Import Getting Started Content] INFO  o.e.m.j.i.AbstractJavaProjectConfigurator - Adding resource folder /document/src/main/resources
2021-02-20 19:56:30,842 [Worker-10: Import Getting Started Content] INFO  o.e.m.j.i.AbstractJavaProjectConfigurator - Adding source folder /document/src/test/java
2021-02-20 19:56:37,306 [Worker-10: Import Getting Started Content] INFO  o.e.m.c.i.p.ProjectConfigurationManager - Imported and configured 1 project(s) in 28 sec
2021-02-20 19:56:37,309 [Worker-10: Import Getting Started Content] INFO  o.e.m.c.i.p.ProjectConfigurationManager - Update started
2021-02-20 19:56:37,846 [Worker-10: Import Getting Started Content] INFO  o.e.m.c.i.l.LifecycleMappingFactory - Using org.eclipse.m2e.jdt.JarLifecycleMapping lifecycle mapping for MavenProject: com.hntecnologia:document:0.0.1-SNAPSHOT @ C:\Users\vitor\curso de java\HNTecnologia\backend\document\pom.xml.
2021-02-20 19:56:38,442 [Worker-10: Import Getting Started Content] INFO  o.e.m.j.i.AbstractJavaProjectConfigurator - Adding source folder /document/src/main/java
2021-02-20 19:56:38,443 [Worker-10: Import Getting Started Content] INFO  o.e.m.j.i.AbstractJavaProjectConfigurator - Adding resource folder /document/src/main/resources
2021-02-20 19:56:38,443 [Worker-10: Import Getting Started Content] INFO  o.e.m.j.i.AbstractJavaProjectConfigurator - Adding resource folder /document/src/main/resources
2021-02-20 19:56:38,445 [Worker-10: Import Getting Started Content] INFO  o.e.m.j.i.AbstractJavaProjectConfigurator - Adding source folder /document/src/test/java
2021-02-20 19:56:39,944 [Worker-10: Import Getting Started Content] INFO  o.e.m.c.i.p.ProjectConfigurationManager - Update completed: 2 sec
2021-02-20 19:56:41,595 [Worker-11: Building] INFO  o.e.m.c.i.embedder.EclipseLogger - Using 'UTF-8' encoding to copy filtered resources.
2021-02-20 19:56:41,596 [Worker-11: Building] INFO  o.e.m.c.i.embedder.EclipseLogger - Using 'UTF-8' encoding to copy filtered properties files.
2021-02-20 19:56:41,615 [Worker-11: Building] INFO  o.e.m.c.i.embedder.EclipseLogger - Copying 1 resource
2021-02-20 19:56:41,667 [Worker-11: Building] INFO  o.e.m.c.i.embedder.EclipseLogger - Copying 0 resource
2021-02-20 19:56:41,677 [Worker-11: Building] INFO  o.e.m.c.i.embedder.EclipseLogger - Using 'UTF-8' encoding to copy filtered resources.
2021-02-20 19:56:41,677 [Worker-11: Building] INFO  o.e.m.c.i.embedder.EclipseLogger - Using 'UTF-8' encoding to copy filtered properties files.
2021-02-20 19:56:41,678 [Worker-11: Building] INFO  o.e.m.c.i.embedder.EclipseLogger - skip non existing resourceDirectory C:\Users\vitor\curso de java\HNTecnologia\backend\document\src\test\resources
2021-02-20 20:00:19,139 [Worker-15: Building] INFO  o.e.m.c.i.embedder.EclipseLogger - Using 'UTF-8' encoding to copy filtered resources.
2021-02-20 20:00:19,139 [Worker-15: Building] INFO  o.e.m.c.i.embedder.EclipseLogger - Using 'UTF-8' encoding to copy filtered properties files.
2021-02-20 20:00:19,170 [Worker-15: Building] INFO  o.e.m.c.i.embedder.EclipseLogger - Copying 1 resource
2021-02-20 20:00:19,192 [Worker-15: Building] INFO  o.e.m.c.i.embedder.EclipseLogger - Copying 0 resource
2021-02-20 20:00:19,196 [Worker-15: Building] INFO  o.e.m.c.i.embedder.EclipseLogger - Using 'UTF-8' encoding to copy filtered resources.
2021-02-20 20:00:19,196 [Worker-15: Building] INFO  o.e.m.c.i.embedder.EclipseLogger - Using 'UTF-8' encoding to copy filtered properties files.
2021-02-20 20:00:19,196 [Worker-15: Building] INFO  o.e.m.c.i.embedder.EclipseLogger - skip non existing resourceDirectory C:\Users\vitor\curso de java\HNTecnologia\backend\document\src\test\resources
2021-02-20 20:00:21,333 [Worker-16: Building] INFO  o.e.m.c.i.embedder.EclipseLogger - Using 'UTF-8' encoding to copy filtered resources.
2021-02-20 20:00:21,333 [Worker-16: Building] INFO  o.e.m.c.i.embedder.EclipseLogger - Using 'UTF-8' encoding to copy filtered properties files.
2021-02-20 20:00:21,333 [Worker-16: Building] INFO  o.e.m.c.i.embedder.EclipseLogger - Copying 0 resource
2021-02-20 20:00:21,333 [Worker-16: Building] INFO  o.e.m.c.i.embedder.EclipseLogger - Copying 0 resource
2021-02-20 20:00:21,335 [Worker-16: Building] INFO  o.e.m.c.i.embedder.EclipseLogger - Using 'UTF-8' encoding to copy filtered resources.
2021-02-20 20:00:21,335 [Worker-16: Building] INFO  o.e.m.c.i.embedder.EclipseLogger - Using 'UTF-8' encoding to copy filtered properties files.
2021-02-20 20:00:21,335 [Worker-16: Building] INFO  o.e.m.c.i.embedder.EclipseLogger - skip non existing resourceDirectory C:\Users\vitor\curso de java\HNTecnologia\backend\document\src\test\resources
2021-02-20 20:02:39,624 [Worker-15: Building] INFO  o.e.m.c.i.l.LifecycleMappingFactory - Using org.eclipse.m2e.jdt.JarLifecycleMapping lifecycle mapping for MavenProject: com.hntecnologia:document:0.0.1-SNAPSHOT @ C:\Users\vitor\curso de java\HNTecnologia\backend\document\pom.xml.
2021-02-20 20:02:43,928 [Worker-15: Building] INFO  o.e.m.c.i.embedder.EclipseLogger - Using 'UTF-8' encoding to copy filtered resources.
2021-02-20 20:02:43,929 [Worker-15: Building] INFO  o.e.m.c.i.embedder.EclipseLogger - Copying 0 resource
2021-02-20 20:02:43,930 [Worker-15: Building] INFO  o.e.m.c.i.embedder.EclipseLogger - Copying 0 resource
2021-02-20 20:02:43,931 [Worker-15: Building] INFO  o.e.m.c.i.embedder.EclipseLogger - Using 'UTF-8' encoding to copy filtered resources.
2021-02-20 20:02:43,931 [Worker-15: Building] INFO  o.e.m.c.i.embedder.EclipseLogger - skip non existing resourceDirectory C:\Users\vitor\curso de java\HNTecnologia\backend\document\src\test\resources
2021-02-20 20:02:46,220 [Worker-19: Building] INFO  o.e.m.c.i.embedder.EclipseLogger - Using 'UTF-8' encoding to copy filtered resources.
2021-02-20 20:02:46,222 [Worker-19: Building] INFO  o.e.m.c.i.embedder.EclipseLogger - Copying 1 resource
2021-02-20 20:02:46,235 [Worker-19: Building] INFO  o.e.m.c.i.embedder.EclipseLogger - Copying 0 resource
2021-02-20 20:02:46,237 [Worker-19: Building] INFO  o.e.m.c.i.embedder.EclipseLogger - Using 'UTF-8' encoding to copy filtered resources.
2021-02-20 20:02:46,237 [Worker-19: Building] INFO  o.e.m.c.i.embedder.EclipseLogger - skip non existing resourceDirectory C:\Users\vitor\curso de java\HNTecnologia\backend\document\src\test\resources
2021-02-20 21:01:35,687 [Worker-40: Building] INFO  o.e.m.c.i.embedder.EclipseLogger - Using 'UTF-8' encoding to copy filtered resources.
2021-02-20 21:01:35,736 [Worker-40: Building] INFO  o.e.m.c.i.embedder.EclipseLogger - Copying 1 resource
2021-02-20 21:01:35,819 [Worker-40: Building] INFO  o.e.m.c.i.embedder.EclipseLogger - Copying 0 resource
2021-02-20 21:01:35,821 [Worker-40: Building] INFO  o.e.m.c.i.embedder.EclipseLogger - Using 'UTF-8' encoding to copy filtered resources.
2021-02-20 21:01:35,822 [Worker-40: Building] INFO  o.e.m.c.i.embedder.EclipseLogger - skip non existing resourceDirectory C:\Users\vitor\curso de java\HNTecnologia\backend\document\src\test\resources
2021-02-20 21:05:22,166 [Worker-44: Building] INFO  o.e.m.c.i.l.LifecycleMappingFactory - Using org.eclipse.m2e.jdt.JarLifecycleMapping lifecycle mapping for MavenProject: com.hntecnologia:document:0.0.1-SNAPSHOT @ C:\Users\vitor\curso de java\HNTecnologia\backend\document\pom.xml.
2021-02-20 21:05:27,266 [Worker-44: Building] INFO  o.e.m.c.i.e.AbstractTransferListenerAdapter - Downloading https://repo.maven.apache.org/maven2/mysql/mysql-connector-java/8.0.21/mysql-connector-java-8.0.21.jar
2021-02-20 21:05:38,444 [Worker-44: Building] INFO  o.e.m.c.i.e.AbstractTransferListenerAdapter - Downloaded https://repo.maven.apache.org/maven2/mysql/mysql-connector-java/8.0.21/mysql-connector-java-8.0.21.jar
2021-02-20 21:05:40,313 [Worker-44: Building] INFO  o.e.m.c.i.embedder.EclipseLogger - Using 'UTF-8' encoding to copy filtered resources.
2021-02-20 21:05:40,316 [Worker-44: Building] INFO  o.e.m.c.i.embedder.EclipseLogger - Copying 0 resource
2021-02-20 21:05:40,316 [Worker-44: Building] INFO  o.e.m.c.i.embedder.EclipseLogger - Copying 0 resource
2021-02-20 21:05:40,319 [Worker-44: Building] INFO  o.e.m.c.i.embedder.EclipseLogger - Using 'UTF-8' encoding to copy filtered resources.
2021-02-20 21:05:40,319 [Worker-44: Building] INFO  o.e.m.c.i.embedder.EclipseLogger - skip non existing resourceDirectory C:\Users\vitor\curso de java\HNTecnologia\backend\document\src\test\resources
2021-02-20 21:05:41,772 [Worker-38: Download sources and javadoc] INFO  o.e.m.c.i.e.AbstractTransferListenerAdapter - Downloading https://repo.maven.apache.org/maven2/mysql/mysql-connector-java/8.0.21/mysql-connector-java-8.0.21-sources.jar
2021-02-20 21:05:45,646 [Worker-38: Download sources and javadoc] INFO  o.e.m.c.i.e.AbstractTransferListenerAdapter - Downloaded https://repo.maven.apache.org/maven2/mysql/mysql-connector-java/8.0.21/mysql-connector-java-8.0.21-sources.jar
2021-02-20 21:05:45,977 [Worker-38: Download sources and javadoc] INFO  o.e.m.j.internal.DownloadSourcesJob - Downloaded sources for mysql:mysql-connector-java:8.0.21
2021-02-20 21:05:49,182 [Worker-41: Building] INFO  o.e.m.c.i.embedder.EclipseLogger - Using 'UTF-8' encoding to copy filtered resources.
2021-02-20 21:05:49,183 [Worker-41: Building] INFO  o.e.m.c.i.embedder.EclipseLogger - Copying 1 resource
2021-02-20 21:05:49,193 [Worker-41: Building] INFO  o.e.m.c.i.embedder.EclipseLogger - Copying 0 resource
2021-02-20 21:05:49,196 [Worker-41: Building] INFO  o.e.m.c.i.embedder.EclipseLogger - Using 'UTF-8' encoding to copy filtered resources.
2021-02-20 21:05:49,196 [Worker-41: Building] INFO  o.e.m.c.i.embedder.EclipseLogger - skip non existing resourceDirectory C:\Users\vitor\curso de java\HNTecnologia\backend\document\src\test\resources
2021-02-20 21:14:38,802 [Worker-47: Building] INFO  o.e.m.c.i.embedder.EclipseLogger - Using 'UTF-8' encoding to copy filtered resources.
2021-02-20 21:14:38,844 [Worker-47: Building] INFO  o.e.m.c.i.embedder.EclipseLogger - Copying 1 resource
2021-02-20 21:14:38,848 [Worker-47: Building] INFO  o.e.m.c.i.embedder.EclipseLogger - Copying 0 resource
2021-02-20 21:14:38,852 [Worker-47: Building] INFO  o.e.m.c.i.embedder.EclipseLogger - Using 'UTF-8' encoding to copy filtered resources.
2021-02-20 21:14:38,852 [Worker-47: Building] INFO  o.e.m.c.i.embedder.EclipseLogger - skip non existing resourceDirectory C:\Users\vitor\curso de java\HNTecnologia\backend\document\src\test\resources
2021-02-20 21:14:56,295 [Worker-44: Building] INFO  o.e.m.c.i.embedder.EclipseLogger - Using 'UTF-8' encoding to copy filtered resources.
2021-02-20 21:14:56,296 [Worker-44: Building] INFO  o.e.m.c.i.embedder.EclipseLogger - Copying 1 resource
2021-02-20 21:14:56,298 [Worker-44: Building] INFO  o.e.m.c.i.embedder.EclipseLogger - Copying 0 resource
2021-02-20 21:14:56,300 [Worker-44: Building] INFO  o.e.m.c.i.embedder.EclipseLogger - Using 'UTF-8' encoding to copy filtered resources.
2021-02-20 21:14:56,300 [Worker-44: Building] INFO  o.e.m.c.i.embedder.EclipseLogger - skip non existing resourceDirectory C:\Users\vitor\curso de java\HNTecnologia\backend\document\src\test\resources
2021-02-20 21:21:45,406 [Worker-46: Building] INFO  o.e.m.c.i.embedder.EclipseLogger - Using 'UTF-8' encoding to copy filtered resources.
2021-02-20 21:21:45,407 [Worker-46: Building] INFO  o.e.m.c.i.embedder.EclipseLogger - Copying 1 resource
2021-02-20 21:21:45,410 [Worker-46: Building] INFO  o.e.m.c.i.embedder.EclipseLogger - Copying 0 resource
2021-02-20 21:21:45,411 [Worker-46: Building] INFO  o.e.m.c.i.embedder.EclipseLogger - Using 'UTF-8' encoding to copy filtered resources.
2021-02-20 21:21:45,411 [Worker-46: Building] INFO  o.e.m.c.i.embedder.EclipseLogger - skip non existing resourceDirectory C:\Users\vitor\curso de java\HNTecnologia\backend\document\src\test\resources
2021-02-20 21:32:21,427 [Worker-58: Building] INFO  o.e.m.c.i.embedder.EclipseLogger - Using 'UTF-8' encoding to copy filtered resources.
2021-02-20 21:32:21,427 [Worker-58: Building] INFO  o.e.m.c.i.embedder.EclipseLogger - Copying 1 resource
2021-02-20 21:32:21,429 [Worker-58: Building] INFO  o.e.m.c.i.embedder.EclipseLogger - Copying 0 resource
2021-02-20 21:32:21,430 [Worker-58: Building] INFO  o.e.m.c.i.embedder.EclipseLogger - Using 'UTF-8' encoding to copy filtered resources.
2021-02-20 21:32:21,430 [Worker-58: Building] INFO  o.e.m.c.i.embedder.EclipseLogger - skip non existing resourceDirectory C:\Users\vitor\curso de java\HNTecnologia\backend\document\src\test\resources
2021-02-20 21:34:54,080 [Worker-58: Building] INFO  o.e.m.c.i.embedder.EclipseLogger - Using 'UTF-8' encoding to copy filtered resources.
2021-02-20 21:34:54,081 [Worker-58: Building] INFO  o.e.m.c.i.embedder.EclipseLogger - Copying 1 resource
2021-02-20 21:34:54,085 [Worker-58: Building] INFO  o.e.m.c.i.embedder.EclipseLogger - Copying 0 resource
2021-02-20 21:34:54,088 [Worker-58: Building] INFO  o.e.m.c.i.embedder.EclipseLogger - Using 'UTF-8' encoding to copy filtered resources.
2021-02-20 21:34:54,088 [Worker-58: Building] INFO  o.e.m.c.i.embedder.EclipseLogger - skip non existing resourceDirectory C:\Users\vitor\curso de java\HNTecnologia\backend\document\src\test\resources
2021-02-20 21:37:09,538 [Worker-60: Building] INFO  o.e.m.c.i.embedder.EclipseLogger - Using 'UTF-8' encoding to copy filtered resources.
2021-02-20 21:37:09,539 [Worker-60: Building] INFO  o.e.m.c.i.embedder.EclipseLogger - Copying 1 resource
2021-02-20 21:37:09,542 [Worker-60: Building] INFO  o.e.m.c.i.embedder.EclipseLogger - Copying 0 resource
2021-02-20 21:37:09,544 [Worker-60: Building] INFO  o.e.m.c.i.embedder.EclipseLogger - Using 'UTF-8' encoding to copy filtered resources.
2021-02-20 21:37:09,544 [Worker-60: Building] INFO  o.e.m.c.i.embedder.EclipseLogger - skip non existing resourceDirectory C:\Users\vitor\curso de java\HNTecnologia\backend\document\src\test\resources
2021-02-20 21:40:24,873 [Worker-58: Building] INFO  o.e.m.c.i.embedder.EclipseLogger - Using 'UTF-8' encoding to copy filtered resources.
2021-02-20 21:40:24,886 [Worker-58: Building] INFO  o.e.m.c.i.embedder.EclipseLogger - Copying 1 resource
2021-02-20 21:40:24,889 [Worker-58: Building] INFO  o.e.m.c.i.embedder.EclipseLogger - Copying 0 resource
2021-02-20 21:40:24,891 [Worker-58: Building] INFO  o.e.m.c.i.embedder.EclipseLogger - Using 'UTF-8' encoding to copy filtered resources.
2021-02-20 21:40:24,891 [Worker-58: Building] INFO  o.e.m.c.i.embedder.EclipseLogger - skip non existing resourceDirectory C:\Users\vitor\curso de java\HNTecnologia\backend\document\src\test\resources
2021-02-20 21:43:57,328 [Worker-63: Building] INFO  o.e.m.c.i.embedder.EclipseLogger - Using 'UTF-8' encoding to copy filtered resources.
2021-02-20 21:43:57,329 [Worker-63: Building] INFO  o.e.m.c.i.embedder.EclipseLogger - Copying 1 resource
2021-02-20 21:43:57,333 [Worker-63: Building] INFO  o.e.m.c.i.embedder.EclipseLogger - Copying 0 resource
2021-02-20 21:43:57,335 [Worker-63: Building] INFO  o.e.m.c.i.embedder.EclipseLogger - Using 'UTF-8' encoding to copy filtered resources.
2021-02-20 21:43:57,335 [Worker-63: Building] INFO  o.e.m.c.i.embedder.EclipseLogger - skip non existing resourceDirectory C:\Users\vitor\curso de java\HNTecnologia\backend\document\src\test\resources
2021-02-20 21:48:36,418 [Worker-62: Building] INFO  o.e.m.c.i.embedder.EclipseLogger - Using 'UTF-8' encoding to copy filtered resources.
2021-02-20 21:48:36,419 [Worker-62: Building] INFO  o.e.m.c.i.embedder.EclipseLogger - Copying 1 resource
2021-02-20 21:48:36,421 [Worker-62: Building] INFO  o.e.m.c.i.embedder.EclipseLogger - Copying 0 resource
2021-02-20 21:48:36,422 [Worker-62: Building] INFO  o.e.m.c.i.embedder.EclipseLogger - Using 'UTF-8' encoding to copy filtered resources.
2021-02-20 21:48:36,422 [Worker-62: Building] INFO  o.e.m.c.i.embedder.EclipseLogger - skip non existing resourceDirectory C:\Users\vitor\curso de java\HNTecnologia\backend\document\src\test\resources
2021-02-20 21:55:34,658 [Worker-63: Building] INFO  o.e.m.c.i.embedder.EclipseLogger - Using 'UTF-8' encoding to copy filtered resources.
2021-02-20 21:55:34,659 [Worker-63: Building] INFO  o.e.m.c.i.embedder.EclipseLogger - Copying 1 resource
2021-02-20 21:55:34,663 [Worker-63: Building] INFO  o.e.m.c.i.embedder.EclipseLogger - Copying 0 resource
2021-02-20 21:55:34,665 [Worker-63: Building] INFO  o.e.m.c.i.embedder.EclipseLogger - Using 'UTF-8' encoding to copy filtered resources.
2021-02-20 21:55:34,665 [Worker-63: Building] INFO  o.e.m.c.i.embedder.EclipseLogger - skip non existing resourceDirectory C:\Users\vitor\curso de java\HNTecnologia\backend\document\src\test\resources
2021-02-20 22:05:18,176 [Worker-69: Building] INFO  o.e.m.c.i.embedder.EclipseLogger - Using 'UTF-8' encoding to copy filtered resources.
2021-02-20 22:05:18,178 [Worker-69: Building] INFO  o.e.m.c.i.embedder.EclipseLogger - Copying 1 resource
2021-02-20 22:05:18,180 [Worker-69: Building] INFO  o.e.m.c.i.embedder.EclipseLogger - Copying 0 resource
2021-02-20 22:05:18,186 [Worker-69: Building] INFO  o.e.m.c.i.embedder.EclipseLogger - Using 'UTF-8' encoding to copy filtered resources.
2021-02-20 22:05:18,186 [Worker-69: Building] INFO  o.e.m.c.i.embedder.EclipseLogger - skip non existing resourceDirectory C:\Users\vitor\curso de java\HNTecnologia\backend\document\src\test\resources
2021-02-20 22:06:54,809 [Worker-65: Building] INFO  o.e.m.c.i.embedder.EclipseLogger - Using 'UTF-8' encoding to copy filtered resources.
2021-02-20 22:06:54,810 [Worker-65: Building] INFO  o.e.m.c.i.embedder.EclipseLogger - Copying 1 resource
2021-02-20 22:06:54,812 [Worker-65: Building] INFO  o.e.m.c.i.embedder.EclipseLogger - Copying 0 resource
2021-02-20 22:06:54,814 [Worker-65: Building] INFO  o.e.m.c.i.embedder.EclipseLogger - Using 'UTF-8' encoding to copy filtered resources.
2021-02-20 22:06:54,814 [Worker-65: Building] INFO  o.e.m.c.i.embedder.EclipseLogger - skip non existing resourceDirectory C:\Users\vitor\curso de java\HNTecnologia\backend\document\src\test\resources
2021-02-20 22:07:41,412 [Worker-63: Building] INFO  o.e.m.c.i.embedder.EclipseLogger - Using 'UTF-8' encoding to copy filtered resources.
2021-02-20 22:07:41,414 [Worker-63: Building] INFO  o.e.m.c.i.embedder.EclipseLogger - Copying 1 resource
2021-02-20 22:07:41,416 [Worker-63: Building] INFO  o.e.m.c.i.embedder.EclipseLogger - Copying 0 resource
2021-02-20 22:07:41,418 [Worker-63: Building] INFO  o.e.m.c.i.embedder.EclipseLogger - Using 'UTF-8' encoding to copy filtered resources.
2021-02-20 22:07:41,419 [Worker-63: Building] INFO  o.e.m.c.i.embedder.EclipseLogger - skip non existing resourceDirectory C:\Users\vitor\curso de java\HNTecnologia\backend\document\src\test\resources
2021-02-20 22:13:49,709 [Worker-71: Building] INFO  o.e.m.c.i.embedder.EclipseLogger - Using 'UTF-8' encoding to copy filtered resources.
2021-02-20 22:13:49,711 [Worker-71: Building] INFO  o.e.m.c.i.embedder.EclipseLogger - Copying 1 resource
2021-02-20 22:13:49,713 [Worker-71: Building] INFO  o.e.m.c.i.embedder.EclipseLogger - Copying 0 resource
2021-02-20 22:13:49,716 [Worker-71: Building] INFO  o.e.m.c.i.embedder.EclipseLogger - Using 'UTF-8' encoding to copy filtered resources.
2021-02-20 22:13:49,716 [Worker-71: Building] INFO  o.e.m.c.i.embedder.EclipseLogger - skip non existing resourceDirectory C:\Users\vitor\curso de java\HNTecnologia\backend\document\src\test\resources
2021-02-20 22:21:21,924 [Worker-75: Building] INFO  o.e.m.c.i.embedder.EclipseLogger - Using 'UTF-8' encoding to copy filtered resources.
2021-02-20 22:21:21,925 [Worker-75: Building] INFO  o.e.m.c.i.embedder.EclipseLogger - Copying 1 resource
2021-02-20 22:21:21,928 [Worker-75: Building] INFO  o.e.m.c.i.embedder.EclipseLogger - Copying 0 resource
2021-02-20 22:21:21,929 [Worker-75: Building] INFO  o.e.m.c.i.embedder.EclipseLogger - Using 'UTF-8' encoding to copy filtered resources.
2021-02-20 22:21:21,930 [Worker-75: Building] INFO  o.e.m.c.i.embedder.EclipseLogger - skip non existing resourceDirectory C:\Users\vitor\curso de java\HNTecnologia\backend\document\src\test\resources
2021-02-20 22:24:19,067 [Worker-76: Building Workspace] INFO  o.e.m.c.i.embedder.EclipseLogger - Using 'UTF-8' encoding to copy filtered resources.
2021-02-20 22:24:19,068 [Worker-76: Building Workspace] INFO  o.e.m.c.i.embedder.EclipseLogger - Copying 1 resource
2021-02-20 22:24:19,097 [Worker-76: Building Workspace] INFO  o.e.m.c.i.embedder.EclipseLogger - Copying 0 resource
2021-02-20 22:24:19,098 [Worker-76: Building Workspace] INFO  o.e.m.c.i.embedder.EclipseLogger - Using 'UTF-8' encoding to copy filtered resources.
2021-02-20 22:24:19,098 [Worker-76: Building Workspace] INFO  o.e.m.c.i.embedder.EclipseLogger - skip non existing resourceDirectory C:\Users\vitor\curso de java\HNTecnologia\backend\document\src\test\resources
2021-02-20 22:29:16,950 [Worker-79: Building] INFO  o.e.m.c.i.embedder.EclipseLogger - Using 'UTF-8' encoding to copy filtered resources.
2021-02-20 22:29:16,951 [Worker-79: Building] INFO  o.e.m.c.i.embedder.EclipseLogger - Copying 1 resource
2021-02-20 22:29:16,953 [Worker-79: Building] INFO  o.e.m.c.i.embedder.EclipseLogger - Copying 0 resource
2021-02-20 22:29:16,955 [Worker-79: Building] INFO  o.e.m.c.i.embedder.EclipseLogger - Using 'UTF-8' encoding to copy filtered resources.
2021-02-20 22:29:16,955 [Worker-79: Building] INFO  o.e.m.c.i.embedder.EclipseLogger - skip non existing resourceDirectory C:\Users\vitor\curso de java\HNTecnologia\backend\document\src\test\resources
2021-02-20 22:29:37,876 [Worker-83: Building] INFO  o.e.m.c.i.embedder.EclipseLogger - Using 'UTF-8' encoding to copy filtered resources.
2021-02-20 22:29:37,878 [Worker-83: Building] INFO  o.e.m.c.i.embedder.EclipseLogger - Copying 1 resource
2021-02-20 22:29:37,880 [Worker-83: Building] INFO  o.e.m.c.i.embedder.EclipseLogger - Copying 0 resource
2021-02-20 22:29:37,881 [Worker-83: Building] INFO  o.e.m.c.i.embedder.EclipseLogger - Using 'UTF-8' encoding to copy filtered resources.
2021-02-20 22:29:37,882 [Worker-83: Building] INFO  o.e.m.c.i.embedder.EclipseLogger - skip non existing resourceDirectory C:\Users\vitor\curso de java\HNTecnologia\backend\document\src\test\resources
2021-02-20 22:29:49,117 [Worker-79: Building] INFO  o.e.m.c.i.embedder.EclipseLogger - Using 'UTF-8' encoding to copy filtered resources.
2021-02-20 22:29:49,118 [Worker-79: Building] INFO  o.e.m.c.i.embedder.EclipseLogger - Copying 1 resource
2021-02-20 22:29:49,120 [Worker-79: Building] INFO  o.e.m.c.i.embedder.EclipseLogger - Copying 0 resource
2021-02-20 22:29:49,121 [Worker-79: Building] INFO  o.e.m.c.i.embedder.EclipseLogger - Using 'UTF-8' encoding to copy filtered resources.
2021-02-20 22:29:49,121 [Worker-79: Building] INFO  o.e.m.c.i.embedder.EclipseLogger - skip non existing resourceDirectory C:\Users\vitor\curso de java\HNTecnologia\backend\document\src\test\resources
2021-02-20 22:30:12,430 [Worker-79: Building] INFO  o.e.m.c.i.embedder.EclipseLogger - Using 'UTF-8' encoding to copy filtered resources.
2021-02-20 22:30:12,432 [Worker-79: Building] INFO  o.e.m.c.i.embedder.EclipseLogger - Copying 1 resource
2021-02-20 22:30:12,434 [Worker-79: Building] INFO  o.e.m.c.i.embedder.EclipseLogger - Copying 0 resource
2021-02-20 22:30:12,436 [Worker-79: Building] INFO  o.e.m.c.i.embedder.EclipseLogger - Using 'UTF-8' encoding to copy filtered resources.
2021-02-20 22:30:12,436 [Worker-79: Building] INFO  o.e.m.c.i.embedder.EclipseLogger - skip non existing resourceDirectory C:\Users\vitor\curso de java\HNTecnologia\backend\document\src\test\resources
2021-02-20 22:34:27,916 [Worker-83: Building] INFO  o.e.m.c.i.embedder.EclipseLogger - Using 'UTF-8' encoding to copy filtered resources.
2021-02-20 22:34:27,917 [Worker-83: Building] INFO  o.e.m.c.i.embedder.EclipseLogger - Copying 1 resource
2021-02-20 22:34:27,919 [Worker-83: Building] INFO  o.e.m.c.i.embedder.EclipseLogger - Copying 0 resource
2021-02-20 22:34:27,924 [Worker-83: Building] INFO  o.e.m.c.i.embedder.EclipseLogger - Using 'UTF-8' encoding to copy filtered resources.
2021-02-20 22:34:27,925 [Worker-83: Building] INFO  o.e.m.c.i.embedder.EclipseLogger - skip non existing resourceDirectory C:\Users\vitor\curso de java\HNTecnologia\backend\document\src\test\resources
2021-02-20 22:40:13,401 [Worker-80: Building] INFO  o.e.m.c.i.embedder.EclipseLogger - Using 'UTF-8' encoding to copy filtered resources.
2021-02-20 22:40:13,402 [Worker-80: Building] INFO  o.e.m.c.i.embedder.EclipseLogger - Copying 1 resource
2021-02-20 22:40:13,404 [Worker-80: Building] INFO  o.e.m.c.i.embedder.EclipseLogger - Copying 0 resource
2021-02-20 22:40:13,405 [Worker-80: Building] INFO  o.e.m.c.i.embedder.EclipseLogger - Using 'UTF-8' encoding to copy filtered resources.
2021-02-20 22:40:13,405 [Worker-80: Building] INFO  o.e.m.c.i.embedder.EclipseLogger - skip non existing resourceDirectory C:\Users\vitor\curso de java\HNTecnologia\backend\document\src\test\resources
2021-02-20 22:53:23,957 [Worker-81: Building] INFO  o.e.m.c.i.embedder.EclipseLogger - Using 'UTF-8' encoding to copy filtered resources.
2021-02-20 22:53:23,959 [Worker-81: Building] INFO  o.e.m.c.i.embedder.EclipseLogger - Copying 1 resource
2021-02-20 22:53:23,963 [Worker-81: Building] INFO  o.e.m.c.i.embedder.EclipseLogger - Copying 0 resource
2021-02-20 22:53:23,965 [Worker-81: Building] INFO  o.e.m.c.i.embedder.EclipseLogger - Using 'UTF-8' encoding to copy filtered resources.
2021-02-20 22:53:23,966 [Worker-81: Building] INFO  o.e.m.c.i.embedder.EclipseLogger - skip non existing resourceDirectory C:\Users\vitor\curso de java\HNTecnologia\backend\document\src\test\resources
2021-02-20 22:58:10,605 [Worker-85: Building] INFO  o.e.m.c.i.embedder.EclipseLogger - Using 'UTF-8' encoding to copy filtered resources.
2021-02-20 22:58:10,608 [Worker-85: Building] INFO  o.e.m.c.i.embedder.EclipseLogger - Copying 1 resource
2021-02-20 22:58:10,611 [Worker-85: Building] INFO  o.e.m.c.i.embedder.EclipseLogger - Copying 0 resource
2021-02-20 22:58:10,614 [Worker-85: Building] INFO  o.e.m.c.i.embedder.EclipseLogger - Using 'UTF-8' encoding to copy filtered resources.
2021-02-20 22:58:10,614 [Worker-85: Building] INFO  o.e.m.c.i.embedder.EclipseLogger - skip non existing resourceDirectory C:\Users\vitor\curso de java\HNTecnologia\backend\document\src\test\resources
2021-02-20 22:59:12,992 [Worker-80: Building] INFO  o.e.m.c.i.embedder.EclipseLogger - Using 'UTF-8' encoding to copy filtered resources.
2021-02-20 22:59:12,993 [Worker-80: Building] INFO  o.e.m.c.i.embedder.EclipseLogger - Copying 1 resource
2021-02-20 22:59:12,996 [Worker-80: Building] INFO  o.e.m.c.i.embedder.EclipseLogger - Copying 0 resource
2021-02-20 22:59:12,998 [Worker-80: Building] INFO  o.e.m.c.i.embedder.EclipseLogger - Using 'UTF-8' encoding to copy filtered resources.
2021-02-20 22:59:12,998 [Worker-80: Building] INFO  o.e.m.c.i.embedder.EclipseLogger - skip non existing resourceDirectory C:\Users\vitor\curso de java\HNTecnologia\backend\document\src\test\resources
2021-02-20 23:01:16,909 [Worker-79: Building] INFO  o.e.m.c.i.embedder.EclipseLogger - Using 'UTF-8' encoding to copy filtered resources.
2021-02-20 23:01:16,910 [Worker-79: Building] INFO  o.e.m.c.i.embedder.EclipseLogger - Copying 1 resource
2021-02-20 23:01:16,913 [Worker-79: Building] INFO  o.e.m.c.i.embedder.EclipseLogger - Copying 0 resource
2021-02-20 23:01:16,914 [Worker-79: Building] INFO  o.e.m.c.i.embedder.EclipseLogger - Using 'UTF-8' encoding to copy filtered resources.
2021-02-20 23:01:16,914 [Worker-79: Building] INFO  o.e.m.c.i.embedder.EclipseLogger - skip non existing resourceDirectory C:\Users\vitor\curso de java\HNTecnologia\backend\document\src\test\resources
2021-02-20 23:02:21,245 [Worker-87: Building] INFO  o.e.m.c.i.embedder.EclipseLogger - Using 'UTF-8' encoding to copy filtered resources.
2021-02-20 23:02:21,246 [Worker-87: Building] INFO  o.e.m.c.i.embedder.EclipseLogger - Copying 1 resource
2021-02-20 23:02:21,248 [Worker-87: Building] INFO  o.e.m.c.i.embedder.EclipseLogger - Copying 0 resource
2021-02-20 23:02:21,249 [Worker-87: Building] INFO  o.e.m.c.i.embedder.EclipseLogger - Using 'UTF-8' encoding to copy filtered resources.
2021-02-20 23:02:21,249 [Worker-87: Building] INFO  o.e.m.c.i.embedder.EclipseLogger - skip non existing resourceDirectory C:\Users\vitor\curso de java\HNTecnologia\backend\document\src\test\resources
2021-02-20 23:03:42,410 [Worker-86: Building] INFO  o.e.m.c.i.embedder.EclipseLogger - Using 'UTF-8' encoding to copy filtered resources.
2021-02-20 23:03:42,411 [Worker-86: Building] INFO  o.e.m.c.i.embedder.EclipseLogger - Copying 1 resource
2021-02-20 23:03:42,413 [Worker-86: Building] INFO  o.e.m.c.i.embedder.EclipseLogger - Copying 0 resource
2021-02-20 23:03:42,415 [Worker-86: Building] INFO  o.e.m.c.i.embedder.EclipseLogger - Using 'UTF-8' encoding to copy filtered resources.
2021-02-20 23:03:42,415 [Worker-86: Building] INFO  o.e.m.c.i.embedder.EclipseLogger - skip non existing resourceDirectory C:\Users\vitor\curso de java\HNTecnologia\backend\document\src\test\resources
2021-02-20 23:34:30,941 [Worker-95: Building] INFO  o.e.m.c.i.embedder.EclipseLogger - Using 'UTF-8' encoding to copy filtered resources.
2021-02-20 23:34:30,942 [Worker-95: Building] INFO  o.e.m.c.i.embedder.EclipseLogger - Copying 1 resource
2021-02-20 23:34:30,943 [Worker-95: Building] INFO  o.e.m.c.i.embedder.EclipseLogger - Copying 0 resource
2021-02-20 23:34:30,944 [Worker-95: Building] INFO  o.e.m.c.i.embedder.EclipseLogger - Using 'UTF-8' encoding to copy filtered resources.
2021-02-20 23:34:30,945 [Worker-95: Building] INFO  o.e.m.c.i.embedder.EclipseLogger - skip non existing resourceDirectory C:\Users\vitor\curso de java\HNTecnologia\backend\document\src\test\resources
2021-02-20 23:36:58,625 [Worker-98: Building] INFO  o.e.m.c.i.embedder.EclipseLogger - Using 'UTF-8' encoding to copy filtered resources.
2021-02-20 23:36:58,626 [Worker-98: Building] INFO  o.e.m.c.i.embedder.EclipseLogger - Copying 1 resource
2021-02-20 23:36:58,628 [Worker-98: Building] INFO  o.e.m.c.i.embedder.EclipseLogger - Copying 0 resource
2021-02-20 23:36:58,632 [Worker-98: Building] INFO  o.e.m.c.i.embedder.EclipseLogger - Using 'UTF-8' encoding to copy filtered resources.
2021-02-20 23:36:58,632 [Worker-98: Building] INFO  o.e.m.c.i.embedder.EclipseLogger - skip non existing resourceDirectory C:\Users\vitor\curso de java\HNTecnologia\backend\document\src\test\resources
2021-02-20 23:39:13,651 [Worker-101: Building] INFO  o.e.m.c.i.embedder.EclipseLogger - Using 'UTF-8' encoding to copy filtered resources.
2021-02-20 23:39:13,652 [Worker-101: Building] INFO  o.e.m.c.i.embedder.EclipseLogger - Copying 1 resource
2021-02-20 23:39:13,653 [Worker-101: Building] INFO  o.e.m.c.i.embedder.EclipseLogger - Copying 0 resource
2021-02-20 23:39:13,655 [Worker-101: Building] INFO  o.e.m.c.i.embedder.EclipseLogger - Using 'UTF-8' encoding to copy filtered resources.
2021-02-20 23:39:13,655 [Worker-101: Building] INFO  o.e.m.c.i.embedder.EclipseLogger - skip non existing resourceDirectory C:\Users\vitor\curso de java\HNTecnologia\backend\document\src\test\resources
2021-02-20 23:46:05,659 [Worker-104: Building] INFO  o.e.m.c.i.embedder.EclipseLogger - Using 'UTF-8' encoding to copy filtered resources.
2021-02-20 23:46:05,660 [Worker-104: Building] INFO  o.e.m.c.i.embedder.EclipseLogger - Copying 1 resource
2021-02-20 23:46:05,660 [Worker-104: Building] INFO  o.e.m.c.i.embedder.EclipseLogger - Copying 0 resource
2021-02-20 23:46:05,662 [Worker-104: Building] INFO  o.e.m.c.i.embedder.EclipseLogger - Using 'UTF-8' encoding to copy filtered resources.
2021-02-20 23:46:05,662 [Worker-104: Building] INFO  o.e.m.c.i.embedder.EclipseLogger - skip non existing resourceDirectory C:\Users\vitor\curso de java\HNTecnologia\backend\document\src\test\resources
2021-02-20 23:46:15,433 [Worker-105: Building] INFO  o.e.m.c.i.embedder.EclipseLogger - Using 'UTF-8' encoding to copy filtered resources.
2021-02-20 23:46:15,434 [Worker-105: Building] INFO  o.e.m.c.i.embedder.EclipseLogger - Copying 1 resource
2021-02-20 23:46:15,435 [Worker-105: Building] INFO  o.e.m.c.i.embedder.EclipseLogger - Copying 0 resource
2021-02-20 23:46:15,436 [Worker-105: Building] INFO  o.e.m.c.i.embedder.EclipseLogger - Using 'UTF-8' encoding to copy filtered resources.
2021-02-20 23:46:15,437 [Worker-105: Building] INFO  o.e.m.c.i.embedder.EclipseLogger - skip non existing resourceDirectory C:\Users\vitor\curso de java\HNTecnologia\backend\document\src\test\resources
2021-02-20 23:46:42,026 [Worker-98: Building] INFO  o.e.m.c.i.embedder.EclipseLogger - Using 'UTF-8' encoding to copy filtered resources.
2021-02-20 23:46:42,026 [Worker-98: Building] INFO  o.e.m.c.i.embedder.EclipseLogger - Copying 1 resource
2021-02-20 23:46:42,028 [Worker-98: Building] INFO  o.e.m.c.i.embedder.EclipseLogger - Copying 0 resource
2021-02-20 23:46:42,030 [Worker-98: Building] INFO  o.e.m.c.i.embedder.EclipseLogger - Using 'UTF-8' encoding to copy filtered resources.
2021-02-20 23:46:42,030 [Worker-98: Building] INFO  o.e.m.c.i.embedder.EclipseLogger - skip non existing resourceDirectory C:\Users\vitor\curso de java\HNTecnologia\backend\document\src\test\resources
2021-02-20 23:47:30,863 [Worker-98: Building] INFO  o.e.m.c.i.embedder.EclipseLogger - Using 'UTF-8' encoding to copy filtered resources.
2021-02-20 23:47:30,864 [Worker-98: Building] INFO  o.e.m.c.i.embedder.EclipseLogger - Copying 1 resource
2021-02-20 23:47:30,865 [Worker-98: Building] INFO  o.e.m.c.i.embedder.EclipseLogger - Copying 0 resource
2021-02-20 23:47:30,867 [Worker-98: Building] INFO  o.e.m.c.i.embedder.EclipseLogger - Using 'UTF-8' encoding to copy filtered resources.
2021-02-20 23:47:30,867 [Worker-98: Building] INFO  o.e.m.c.i.embedder.EclipseLogger - skip non existing resourceDirectory C:\Users\vitor\curso de java\HNTecnologia\backend\document\src\test\resources
2021-02-20 23:47:41,811 [Worker-98: Building] INFO  o.e.m.c.i.embedder.EclipseLogger - Using 'UTF-8' encoding to copy filtered resources.
2021-02-20 23:47:41,811 [Worker-98: Building] INFO  o.e.m.c.i.embedder.EclipseLogger - Copying 1 resource
2021-02-20 23:47:41,813 [Worker-98: Building] INFO  o.e.m.c.i.embedder.EclipseLogger - Copying 0 resource
2021-02-20 23:47:41,815 [Worker-98: Building] INFO  o.e.m.c.i.embedder.EclipseLogger - Using 'UTF-8' encoding to copy filtered resources.
2021-02-20 23:47:41,816 [Worker-98: Building] INFO  o.e.m.c.i.embedder.EclipseLogger - skip non existing resourceDirectory C:\Users\vitor\curso de java\HNTecnologia\backend\document\src\test\resources
2021-02-20 23:48:03,464 [Worker-105: Building] INFO  o.e.m.c.i.embedder.EclipseLogger - Using 'UTF-8' encoding to copy filtered resources.
2021-02-20 23:48:03,465 [Worker-105: Building] INFO  o.e.m.c.i.embedder.EclipseLogger - Copying 0 resource
2021-02-20 23:48:03,465 [Worker-105: Building] INFO  o.e.m.c.i.embedder.EclipseLogger - Copying 1 resource
2021-02-20 23:48:03,712 [Worker-105: Building] INFO  o.e.m.c.i.embedder.EclipseLogger - Using 'UTF-8' encoding to copy filtered resources.
2021-02-20 23:48:03,712 [Worker-105: Building] INFO  o.e.m.c.i.embedder.EclipseLogger - skip non existing resourceDirectory C:\Users\vitor\curso de java\HNTecnologia\backend\document\src\test\resources
2021-02-20 23:55:13,660 [Worker-98: Building] INFO  o.e.m.c.i.embedder.EclipseLogger - Using 'UTF-8' encoding to copy filtered resources.
2021-02-20 23:55:13,661 [Worker-98: Building] INFO  o.e.m.c.i.embedder.EclipseLogger - Copying 2 resources
2021-02-20 23:55:13,664 [Worker-98: Building] INFO  o.e.m.c.i.embedder.EclipseLogger - Copying 1 resource
2021-02-20 23:55:13,665 [Worker-98: Building] INFO  o.e.m.c.i.embedder.EclipseLogger - Using 'UTF-8' encoding to copy filtered resources.
2021-02-20 23:55:13,665 [Worker-98: Building] INFO  o.e.m.c.i.embedder.EclipseLogger - skip non existing resourceDirectory C:\Users\vitor\curso de java\HNTecnologia\backend\document\src\test\resources
2021-02-20 23:55:31,468 [Worker-104: Building] INFO  o.e.m.c.i.embedder.EclipseLogger - Using 'UTF-8' encoding to copy filtered resources.
2021-02-20 23:55:31,469 [Worker-104: Building] INFO  o.e.m.c.i.embedder.EclipseLogger - Copying 0 resource
2021-02-20 23:55:31,469 [Worker-104: Building] INFO  o.e.m.c.i.embedder.EclipseLogger - Copying 1 resource
2021-02-20 23:55:31,473 [Worker-104: Building] INFO  o.e.m.c.i.embedder.EclipseLogger - Using 'UTF-8' encoding to copy filtered resources.
2021-02-20 23:55:31,493 [Worker-104: Building] INFO  o.e.m.c.i.embedder.EclipseLogger - skip non existing resourceDirectory C:\Users\vitor\curso de java\HNTecnologia\backend\document\src\test\resources
2021-02-20 23:57:01,093 [Worker-106: Building] INFO  o.e.m.c.i.embedder.EclipseLogger - Using 'UTF-8' encoding to copy filtered resources.
2021-02-20 23:57:01,095 [Worker-106: Building] INFO  o.e.m.c.i.embedder.EclipseLogger - Copying 2 resources
2021-02-20 23:57:01,098 [Worker-106: Building] INFO  o.e.m.c.i.embedder.EclipseLogger - Copying 1 resource
2021-02-20 23:57:01,099 [Worker-106: Building] INFO  o.e.m.c.i.embedder.EclipseLogger - Using 'UTF-8' encoding to copy filtered resources.
2021-02-20 23:57:01,099 [Worker-106: Building] INFO  o.e.m.c.i.embedder.EclipseLogger - skip non existing resourceDirectory C:\Users\vitor\curso de java\HNTecnologia\backend\document\src\test\resources
2021-02-20 23:57:09,716 [Worker-106: Building] INFO  o.e.m.c.i.embedder.EclipseLogger - Using 'UTF-8' encoding to copy filtered resources.
2021-02-20 23:57:09,718 [Worker-106: Building] INFO  o.e.m.c.i.embedder.EclipseLogger - Copying 2 resources
2021-02-20 23:57:09,727 [Worker-106: Building] INFO  o.e.m.c.i.embedder.EclipseLogger - Copying 1 resource
2021-02-20 23:57:09,732 [Worker-106: Building] INFO  o.e.m.c.i.embedder.EclipseLogger - Using 'UTF-8' encoding to copy filtered resources.
2021-02-20 23:57:09,732 [Worker-106: Building] INFO  o.e.m.c.i.embedder.EclipseLogger - skip non existing resourceDirectory C:\Users\vitor\curso de java\HNTecnologia\backend\document\src\test\resources
2021-02-21 00:11:21,951 [Worker-109: Building] INFO  o.e.m.c.i.embedder.EclipseLogger - Using 'UTF-8' encoding to copy filtered resources.
2021-02-21 00:11:21,952 [Worker-109: Building] INFO  o.e.m.c.i.embedder.EclipseLogger - Copying 0 resource
2021-02-21 00:11:21,952 [Worker-109: Building] INFO  o.e.m.c.i.embedder.EclipseLogger - Copying 1 resource
2021-02-21 00:11:21,958 [Worker-109: Building] INFO  o.e.m.c.i.embedder.EclipseLogger - Using 'UTF-8' encoding to copy filtered resources.
2021-02-21 00:11:21,958 [Worker-109: Building] INFO  o.e.m.c.i.embedder.EclipseLogger - skip non existing resourceDirectory C:\Users\vitor\curso de java\HNTecnologia\backend\document\src\test\resources
2021-02-21 00:11:30,943 [Worker-108: Building] INFO  o.e.m.c.i.embedder.EclipseLogger - Using 'UTF-8' encoding to copy filtered resources.
2021-02-21 00:11:30,945 [Worker-108: Building] INFO  o.e.m.c.i.embedder.EclipseLogger - Copying 2 resources
2021-02-21 00:11:30,950 [Worker-108: Building] INFO  o.e.m.c.i.embedder.EclipseLogger - Copying 1 resource
2021-02-21 00:11:30,953 [Worker-108: Building] INFO  o.e.m.c.i.embedder.EclipseLogger - Using 'UTF-8' encoding to copy filtered resources.
2021-02-21 00:11:30,953 [Worker-108: Building] INFO  o.e.m.c.i.embedder.EclipseLogger - skip non existing resourceDirectory C:\Users\vitor\curso de java\HNTecnologia\backend\document\src\test\resources
2021-02-21 00:15:31,467 [Worker-114: Building] INFO  o.e.m.c.i.embedder.EclipseLogger - Using 'UTF-8' encoding to copy filtered resources.
2021-02-21 00:15:31,469 [Worker-114: Building] INFO  o.e.m.c.i.embedder.EclipseLogger - Copying 0 resource
2021-02-21 00:15:31,470 [Worker-114: Building] INFO  o.e.m.c.i.embedder.EclipseLogger - Copying 1 resource
2021-02-21 00:15:31,476 [Worker-114: Building] INFO  o.e.m.c.i.embedder.EclipseLogger - Using 'UTF-8' encoding to copy filtered resources.
2021-02-21 00:15:31,476 [Worker-114: Building] INFO  o.e.m.c.i.embedder.EclipseLogger - skip non existing resourceDirectory C:\Users\vitor\curso de java\HNTecnologia\backend\document\src\test\resources
2021-02-21 00:21:22,467 [Worker-116: Building] INFO  o.e.m.c.i.embedder.EclipseLogger - Using 'UTF-8' encoding to copy filtered resources.
2021-02-21 00:21:22,468 [Worker-116: Building] INFO  o.e.m.c.i.embedder.EclipseLogger - Copying 1 resource
2021-02-21 00:21:22,470 [Worker-116: Building] INFO  o.e.m.c.i.embedder.EclipseLogger - Copying 0 resource
2021-02-21 00:21:22,471 [Worker-116: Building] INFO  o.e.m.c.i.embedder.EclipseLogger - Using 'UTF-8' encoding to copy filtered resources.
2021-02-21 00:21:22,471 [Worker-116: Building] INFO  o.e.m.c.i.embedder.EclipseLogger - skip non existing resourceDirectory C:\Users\vitor\curso de java\HNTecnologia\backend\document\src\test\resources
2021-02-21 00:21:41,692 [Worker-118: Building] INFO  o.e.m.c.i.embedder.EclipseLogger - Using 'UTF-8' encoding to copy filtered resources.
2021-02-21 00:21:41,692 [Worker-118: Building] INFO  o.e.m.c.i.embedder.EclipseLogger - Copying 1 resource
2021-02-21 00:21:41,693 [Worker-118: Building] INFO  o.e.m.c.i.embedder.EclipseLogger - Copying 0 resource
2021-02-21 00:21:41,694 [Worker-118: Building] INFO  o.e.m.c.i.embedder.EclipseLogger - Using 'UTF-8' encoding to copy filtered resources.
2021-02-21 00:21:41,694 [Worker-118: Building] INFO  o.e.m.c.i.embedder.EclipseLogger - skip non existing resourceDirectory C:\Users\vitor\curso de java\HNTecnologia\backend\document\src\test\resources
2021-02-21 01:13:39,622 [Worker-122: Building] INFO  o.e.m.c.i.embedder.EclipseLogger - Using 'UTF-8' encoding to copy filtered resources.
2021-02-21 01:13:39,622 [Worker-122: Building] INFO  o.e.m.c.i.embedder.EclipseLogger - Copying 1 resource
2021-02-21 01:13:39,624 [Worker-122: Building] INFO  o.e.m.c.i.embedder.EclipseLogger - Copying 0 resource
2021-02-21 01:13:39,626 [Worker-122: Building] INFO  o.e.m.c.i.embedder.EclipseLogger - Using 'UTF-8' encoding to copy filtered resources.
2021-02-21 01:13:39,626 [Worker-122: Building] INFO  o.e.m.c.i.embedder.EclipseLogger - skip non existing resourceDirectory C:\Users\vitor\curso de java\HNTecnologia\backend\document\src\test\resources
2021-02-21 01:15:35,080 [Worker-121: Building] INFO  o.e.m.c.i.embedder.EclipseLogger - Using 'UTF-8' encoding to copy filtered resources.
2021-02-21 01:15:35,081 [Worker-121: Building] INFO  o.e.m.c.i.embedder.EclipseLogger - Copying 1 resource
2021-02-21 01:15:35,082 [Worker-121: Building] INFO  o.e.m.c.i.embedder.EclipseLogger - Copying 0 resource
2021-02-21 01:15:35,084 [Worker-121: Building] INFO  o.e.m.c.i.embedder.EclipseLogger - Using 'UTF-8' encoding to copy filtered resources.
2021-02-21 01:15:35,084 [Worker-121: Building] INFO  o.e.m.c.i.embedder.EclipseLogger - skip non existing resourceDirectory C:\Users\vitor\curso de java\HNTecnologia\backend\document\src\test\resources
2021-02-21 01:17:00,059 [Worker-129: Building] INFO  o.e.m.c.i.embedder.EclipseLogger - Using 'UTF-8' encoding to copy filtered resources.
2021-02-21 01:17:00,060 [Worker-129: Building] INFO  o.e.m.c.i.embedder.EclipseLogger - Copying 2 resources
2021-02-21 01:17:00,063 [Worker-129: Building] INFO  o.e.m.c.i.embedder.EclipseLogger - Copying 1 resource
2021-02-21 01:17:00,065 [Worker-129: Building] INFO  o.e.m.c.i.embedder.EclipseLogger - Using 'UTF-8' encoding to copy filtered resources.
2021-02-21 01:17:00,065 [Worker-129: Building] INFO  o.e.m.c.i.embedder.EclipseLogger - skip non existing resourceDirectory C:\Users\vitor\curso de java\HNTecnologia\backend\document\src\test\resources
2021-02-21 01:17:20,511 [Worker-130: Building] INFO  o.e.m.c.i.embedder.EclipseLogger - Using 'UTF-8' encoding to copy filtered resources.
2021-02-21 01:17:20,512 [Worker-130: Building] INFO  o.e.m.c.i.embedder.EclipseLogger - Copying 2 resources
2021-02-21 01:17:20,517 [Worker-130: Building] INFO  o.e.m.c.i.embedder.EclipseLogger - Copying 1 resource
2021-02-21 01:17:20,519 [Worker-130: Building] INFO  o.e.m.c.i.embedder.EclipseLogger - Using 'UTF-8' encoding to copy filtered resources.
2021-02-21 01:17:20,520 [Worker-130: Building] INFO  o.e.m.c.i.embedder.EclipseLogger - skip non existing resourceDirectory C:\Users\vitor\curso de java\HNTecnologia\backend\document\src\test\resources
2021-02-21 01:17:46,976 [Worker-127: Building] INFO  o.e.m.c.i.embedder.EclipseLogger - Using 'UTF-8' encoding to copy filtered resources.
2021-02-21 01:17:46,977 [Worker-127: Building] INFO  o.e.m.c.i.embedder.EclipseLogger - Copying 2 resources
2021-02-21 01:17:46,980 [Worker-127: Building] INFO  o.e.m.c.i.embedder.EclipseLogger - Copying 1 resource
2021-02-21 01:17:46,982 [Worker-127: Building] INFO  o.e.m.c.i.embedder.EclipseLogger - Using 'UTF-8' encoding to copy filtered resources.
2021-02-21 01:17:46,982 [Worker-127: Building] INFO  o.e.m.c.i.embedder.EclipseLogger - skip non existing resourceDirectory C:\Users\vitor\curso de java\HNTecnologia\backend\document\src\test\resources
2021-02-21 01:18:37,041 [Worker-127: Building] INFO  o.e.m.c.i.embedder.EclipseLogger - Using 'UTF-8' encoding to copy filtered resources.
2021-02-21 01:18:37,041 [Worker-127: Building] INFO  o.e.m.c.i.embedder.EclipseLogger - Copying 0 resource
2021-02-21 01:18:37,042 [Worker-127: Building] INFO  o.e.m.c.i.embedder.EclipseLogger - Copying 1 resource
2021-02-21 01:18:37,044 [Worker-127: Building] INFO  o.e.m.c.i.embedder.EclipseLogger - Using 'UTF-8' encoding to copy filtered resources.
2021-02-21 01:18:37,044 [Worker-127: Building] INFO  o.e.m.c.i.embedder.EclipseLogger - skip non existing resourceDirectory C:\Users\vitor\curso de java\HNTecnologia\backend\document\src\test\resources
2021-02-21 01:20:01,754 [Worker-121: Building] INFO  o.e.m.c.i.embedder.EclipseLogger - Using 'UTF-8' encoding to copy filtered resources.
2021-02-21 01:20:01,754 [Worker-121: Building] INFO  o.e.m.c.i.embedder.EclipseLogger - Copying 0 resource
2021-02-21 01:20:01,755 [Worker-121: Building] INFO  o.e.m.c.i.embedder.EclipseLogger - Copying 1 resource
2021-02-21 01:20:01,758 [Worker-121: Building] INFO  o.e.m.c.i.embedder.EclipseLogger - Using 'UTF-8' encoding to copy filtered resources.
2021-02-21 01:20:01,759 [Worker-121: Building] INFO  o.e.m.c.i.embedder.EclipseLogger - skip non existing resourceDirectory C:\Users\vitor\curso de java\HNTecnologia\backend\document\src\test\resources
2021-02-21 01:21:26,759 [Worker-133: Building] INFO  o.e.m.c.i.embedder.EclipseLogger - Using 'UTF-8' encoding to copy filtered resources.
2021-02-21 01:21:26,759 [Worker-133: Building] INFO  o.e.m.c.i.embedder.EclipseLogger - Copying 0 resource
2021-02-21 01:21:26,759 [Worker-133: Building] INFO  o.e.m.c.i.embedder.EclipseLogger - Copying 1 resource
2021-02-21 01:21:26,764 [Worker-133: Building] INFO  o.e.m.c.i.embedder.EclipseLogger - Using 'UTF-8' encoding to copy filtered resources.
2021-02-21 01:21:26,764 [Worker-133: Building] INFO  o.e.m.c.i.embedder.EclipseLogger - skip non existing resourceDirectory C:\Users\vitor\curso de java\HNTecnologia\backend\document\src\test\resources
2021-02-21 02:13:10,282 [Worker-146: Building] INFO  o.e.m.c.i.embedder.EclipseLogger - Using 'UTF-8' encoding to copy filtered resources.
2021-02-21 02:13:10,284 [Worker-146: Building] INFO  o.e.m.c.i.embedder.EclipseLogger - Copying 2 resources
2021-02-21 02:13:10,290 [Worker-146: Building] INFO  o.e.m.c.i.embedder.EclipseLogger - Copying 1 resource
2021-02-21 02:13:10,355 [Worker-146: Building] INFO  o.e.m.c.i.embedder.EclipseLogger - Using 'UTF-8' encoding to copy filtered resources.
2021-02-21 02:13:10,355 [Worker-146: Building] INFO  o.e.m.c.i.embedder.EclipseLogger - skip non existing resourceDirectory C:\Users\vitor\curso de java\HNTecnologia\backend\document\src\test\resources
2021-02-21 02:14:17,514 [Worker-145: Building] INFO  o.e.m.c.i.embedder.EclipseLogger - Using 'UTF-8' encoding to copy filtered resources.
2021-02-21 02:14:17,533 [Worker-145: Building] INFO  o.e.m.c.i.embedder.EclipseLogger - Copying 2 resources
2021-02-21 02:14:17,538 [Worker-145: Building] INFO  o.e.m.c.i.embedder.EclipseLogger - Copying 1 resource
2021-02-21 02:14:17,539 [Worker-145: Building] INFO  o.e.m.c.i.embedder.EclipseLogger - Using 'UTF-8' encoding to copy filtered resources.
2021-02-21 02:14:17,540 [Worker-145: Building] INFO  o.e.m.c.i.embedder.EclipseLogger - skip non existing resourceDirectory C:\Users\vitor\curso de java\HNTecnologia\backend\document\src\test\resources
2021-02-21 02:15:23,129 [Worker-136: Building] INFO  o.e.m.c.i.embedder.EclipseLogger - Using 'UTF-8' encoding to copy filtered resources.
2021-02-21 02:15:23,130 [Worker-136: Building] INFO  o.e.m.c.i.embedder.EclipseLogger - Copying 2 resources
2021-02-21 02:15:23,134 [Worker-136: Building] INFO  o.e.m.c.i.embedder.EclipseLogger - Copying 1 resource
2021-02-21 02:15:23,136 [Worker-136: Building] INFO  o.e.m.c.i.embedder.EclipseLogger - Using 'UTF-8' encoding to copy filtered resources.
2021-02-21 02:15:23,136 [Worker-136: Building] INFO  o.e.m.c.i.embedder.EclipseLogger - skip non existing resourceDirectory C:\Users\vitor\curso de java\HNTecnologia\backend\document\src\test\resources
2021-02-21 02:18:56,688 [Worker-149: Building] INFO  o.e.m.c.i.embedder.EclipseLogger - Using 'UTF-8' encoding to copy filtered resources.
2021-02-21 02:18:56,688 [Worker-149: Building] INFO  o.e.m.c.i.embedder.EclipseLogger - Copying 2 resources
2021-02-21 02:18:56,691 [Worker-149: Building] INFO  o.e.m.c.i.embedder.EclipseLogger - Copying 1 resource
2021-02-21 02:18:56,692 [Worker-149: Building] INFO  o.e.m.c.i.embedder.EclipseLogger - Using 'UTF-8' encoding to copy filtered resources.
2021-02-21 02:18:56,692 [Worker-149: Building] INFO  o.e.m.c.i.embedder.EclipseLogger - skip non existing resourceDirectory C:\Users\vitor\curso de java\HNTecnologia\backend\document\src\test\resources
2021-02-21 02:19:42,065 [Worker-148: Building] INFO  o.e.m.c.i.embedder.EclipseLogger - Using 'UTF-8' encoding to copy filtered resources.
2021-02-21 02:19:42,067 [Worker-148: Building] INFO  o.e.m.c.i.embedder.EclipseLogger - Copying 2 resources
2021-02-21 02:19:42,072 [Worker-148: Building] INFO  o.e.m.c.i.embedder.EclipseLogger - Copying 1 resource
2021-02-21 02:19:42,074 [Worker-148: Building] INFO  o.e.m.c.i.embedder.EclipseLogger - Using 'UTF-8' encoding to copy filtered resources.
2021-02-21 02:19:42,075 [Worker-148: Building] INFO  o.e.m.c.i.embedder.EclipseLogger - skip non existing resourceDirectory C:\Users\vitor\curso de java\HNTecnologia\backend\document\src\test\resources
2021-02-21 02:25:13,095 [Worker-152: Building] INFO  o.e.m.c.i.embedder.EclipseLogger - Using 'UTF-8' encoding to copy filtered resources.
2021-02-21 02:25:13,096 [Worker-152: Building] INFO  o.e.m.c.i.embedder.EclipseLogger - Copying 2 resources
2021-02-21 02:25:13,100 [Worker-152: Building] INFO  o.e.m.c.i.embedder.EclipseLogger - Copying 1 resource
2021-02-21 02:25:13,102 [Worker-152: Building] INFO  o.e.m.c.i.embedder.EclipseLogger - Using 'UTF-8' encoding to copy filtered resources.
2021-02-21 02:25:13,102 [Worker-152: Building] INFO  o.e.m.c.i.embedder.EclipseLogger - skip non existing resourceDirectory C:\Users\vitor\curso de java\HNTecnologia\backend\document\src\test\resources
2021-02-21 02:26:20,054 [Worker-154: Building] INFO  o.e.m.c.i.embedder.EclipseLogger - Using 'UTF-8' encoding to copy filtered resources.
2021-02-21 02:26:20,055 [Worker-154: Building] INFO  o.e.m.c.i.embedder.EclipseLogger - Copying 2 resources
2021-02-21 02:26:20,058 [Worker-154: Building] INFO  o.e.m.c.i.embedder.EclipseLogger - Copying 1 resource
2021-02-21 02:26:20,059 [Worker-154: Building] INFO  o.e.m.c.i.embedder.EclipseLogger - Using 'UTF-8' encoding to copy filtered resources.
2021-02-21 02:26:20,060 [Worker-154: Building] INFO  o.e.m.c.i.embedder.EclipseLogger - skip non existing resourceDirectory C:\Users\vitor\curso de java\HNTecnologia\backend\document\src\test\resources
2021-02-21 02:26:27,368 [Worker-154: Building] INFO  o.e.m.c.i.embedder.EclipseLogger - Using 'UTF-8' encoding to copy filtered resources.
2021-02-21 02:26:27,369 [Worker-154: Building] INFO  o.e.m.c.i.embedder.EclipseLogger - Copying 2 resources
2021-02-21 02:26:27,372 [Worker-154: Building] INFO  o.e.m.c.i.embedder.EclipseLogger - Copying 1 resource
2021-02-21 02:26:27,374 [Worker-154: Building] INFO  o.e.m.c.i.embedder.EclipseLogger - Using 'UTF-8' encoding to copy filtered resources.
2021-02-21 02:26:27,374 [Worker-154: Building] INFO  o.e.m.c.i.embedder.EclipseLogger - skip non existing resourceDirectory C:\Users\vitor\curso de java\HNTecnologia\backend\document\src\test\resources
2021-02-21 02:26:42,209 [Worker-152: Building] INFO  o.e.m.c.i.embedder.EclipseLogger - Using 'UTF-8' encoding to copy filtered resources.
2021-02-21 02:26:42,210 [Worker-152: Building] INFO  o.e.m.c.i.embedder.EclipseLogger - Copying 2 resources
2021-02-21 02:26:42,213 [Worker-152: Building] INFO  o.e.m.c.i.embedder.EclipseLogger - Copying 1 resource
2021-02-21 02:26:42,215 [Worker-152: Building] INFO  o.e.m.c.i.embedder.EclipseLogger - Using 'UTF-8' encoding to copy filtered resources.
2021-02-21 02:26:42,215 [Worker-152: Building] INFO  o.e.m.c.i.embedder.EclipseLogger - skip non existing resourceDirectory C:\Users\vitor\curso de java\HNTecnologia\backend\document\src\test\resources
2021-02-21 02:28:16,356 [Worker-151: Building] INFO  o.e.m.c.i.embedder.EclipseLogger - Using 'UTF-8' encoding to copy filtered resources.
2021-02-21 02:28:16,357 [Worker-151: Building] INFO  o.e.m.c.i.embedder.EclipseLogger - Copying 2 resources
2021-02-21 02:28:16,359 [Worker-151: Building] INFO  o.e.m.c.i.embedder.EclipseLogger - Copying 1 resource
2021-02-21 02:28:16,361 [Worker-151: Building] INFO  o.e.m.c.i.embedder.EclipseLogger - Using 'UTF-8' encoding to copy filtered resources.
2021-02-21 02:28:16,361 [Worker-151: Building] INFO  o.e.m.c.i.embedder.EclipseLogger - skip non existing resourceDirectory C:\Users\vitor\curso de java\HNTecnologia\backend\document\src\test\resources
2021-02-21 02:40:04,307 [Worker-157: Building] INFO  o.e.m.c.i.embedder.EclipseLogger - Using 'UTF-8' encoding to copy filtered resources.
2021-02-21 02:40:04,308 [Worker-157: Building] INFO  o.e.m.c.i.embedder.EclipseLogger - Copying 2 resources
2021-02-21 02:40:04,312 [Worker-157: Building] INFO  o.e.m.c.i.embedder.EclipseLogger - Copying 1 resource
2021-02-21 02:40:04,314 [Worker-157: Building] INFO  o.e.m.c.i.embedder.EclipseLogger - Using 'UTF-8' encoding to copy filtered resources.
2021-02-21 02:40:04,314 [Worker-157: Building] INFO  o.e.m.c.i.embedder.EclipseLogger - skip non existing resourceDirectory C:\Users\vitor\curso de java\HNTecnologia\backend\document\src\test\resources
2021-02-21 02:40:21,236 [Worker-160: Building] INFO  o.e.m.c.i.embedder.EclipseLogger - Using 'UTF-8' encoding to copy filtered resources.
2021-02-21 02:40:21,254 [Worker-160: Building] INFO  o.e.m.c.i.embedder.EclipseLogger - Copying 2 resources
2021-02-21 02:40:21,257 [Worker-160: Building] INFO  o.e.m.c.i.embedder.EclipseLogger - Copying 1 resource
2021-02-21 02:40:21,272 [Worker-160: Building] INFO  o.e.m.c.i.embedder.EclipseLogger - Using 'UTF-8' encoding to copy filtered resources.
2021-02-21 02:40:21,273 [Worker-160: Building] INFO  o.e.m.c.i.embedder.EclipseLogger - skip non existing resourceDirectory C:\Users\vitor\curso de java\HNTecnologia\backend\document\src\test\resources
2021-02-21 02:44:44,677 [Worker-162: Building] INFO  o.e.m.c.i.embedder.EclipseLogger - Using 'UTF-8' encoding to copy filtered resources.
2021-02-21 02:44:44,678 [Worker-162: Building] INFO  o.e.m.c.i.embedder.EclipseLogger - Copying 2 resources
2021-02-21 02:44:44,682 [Worker-162: Building] INFO  o.e.m.c.i.embedder.EclipseLogger - Copying 1 resource
2021-02-21 02:44:44,685 [Worker-162: Building] INFO  o.e.m.c.i.embedder.EclipseLogger - Using 'UTF-8' encoding to copy filtered resources.
2021-02-21 02:44:44,685 [Worker-162: Building] INFO  o.e.m.c.i.embedder.EclipseLogger - skip non existing resourceDirectory C:\Users\vitor\curso de java\HNTecnologia\backend\document\src\test\resources
2021-02-21 02:45:40,782 [Worker-166: Building] INFO  o.e.m.c.i.embedder.EclipseLogger - Using 'UTF-8' encoding to copy filtered resources.
2021-02-21 02:45:40,783 [Worker-166: Building] INFO  o.e.m.c.i.embedder.EclipseLogger - Copying 2 resources
2021-02-21 02:45:40,786 [Worker-166: Building] INFO  o.e.m.c.i.embedder.EclipseLogger - Copying 1 resource
2021-02-21 02:45:40,788 [Worker-166: Building] INFO  o.e.m.c.i.embedder.EclipseLogger - Using 'UTF-8' encoding to copy filtered resources.
2021-02-21 02:45:40,788 [Worker-166: Building] INFO  o.e.m.c.i.embedder.EclipseLogger - skip non existing resourceDirectory C:\Users\vitor\curso de java\HNTecnologia\backend\document\src\test\resources
2021-02-21 10:46:30,757 [Worker-169: Building] INFO  o.e.m.c.i.embedder.EclipseLogger - Using 'UTF-8' encoding to copy filtered resources.
2021-02-21 10:46:30,759 [Worker-169: Building] INFO  o.e.m.c.i.embedder.EclipseLogger - Copying 1 resource
2021-02-21 10:46:30,766 [Worker-169: Building] INFO  o.e.m.c.i.embedder.EclipseLogger - Copying 0 resource
2021-02-21 10:46:30,770 [Worker-169: Building] INFO  o.e.m.c.i.embedder.EclipseLogger - Using 'UTF-8' encoding to copy filtered resources.
2021-02-21 10:46:30,771 [Worker-169: Building] INFO  o.e.m.c.i.embedder.EclipseLogger - skip non existing resourceDirectory C:\Users\vitor\curso de java\HNTecnologia\backend\document\src\test\resources
2021-02-21 10:48:34,939 [Worker-173: Building] INFO  o.e.m.c.i.embedder.EclipseLogger - Using 'UTF-8' encoding to copy filtered resources.
2021-02-21 10:48:34,940 [Worker-173: Building] INFO  o.e.m.c.i.embedder.EclipseLogger - Copying 1 resource
2021-02-21 10:48:34,940 [Worker-173: Building] INFO  o.e.m.c.i.embedder.EclipseLogger - Copying 0 resource
2021-02-21 10:48:34,942 [Worker-173: Building] INFO  o.e.m.c.i.embedder.EclipseLogger - Using 'UTF-8' encoding to copy filtered resources.
2021-02-21 10:48:34,942 [Worker-173: Building] INFO  o.e.m.c.i.embedder.EclipseLogger - skip non existing resourceDirectory C:\Users\vitor\curso de java\HNTecnologia\backend\document\src\test\resources
2021-02-21 10:51:38,599 [Worker-176: Building] INFO  o.e.m.c.i.embedder.EclipseLogger - Using 'UTF-8' encoding to copy filtered resources.
2021-02-21 10:51:38,599 [Worker-176: Building] INFO  o.e.m.c.i.embedder.EclipseLogger - Copying 1 resource
2021-02-21 10:51:38,601 [Worker-176: Building] INFO  o.e.m.c.i.embedder.EclipseLogger - Copying 0 resource
2021-02-21 10:51:38,603 [Worker-176: Building] INFO  o.e.m.c.i.embedder.EclipseLogger - Using 'UTF-8' encoding to copy filtered resources.
2021-02-21 10:51:38,603 [Worker-176: Building] INFO  o.e.m.c.i.embedder.EclipseLogger - skip non existing resourceDirectory C:\Users\vitor\curso de java\HNTecnologia\backend\document\src\test\resources
2021-02-21 11:53:29,301 [Worker-182: Building] INFO  o.e.m.c.i.embedder.EclipseLogger - Using 'UTF-8' encoding to copy filtered resources.
2021-02-21 11:53:29,683 [Worker-182: Building] INFO  o.e.m.c.i.embedder.EclipseLogger - Copying 1 resource
2021-02-21 11:53:29,854 [Worker-182: Building] INFO  o.e.m.c.i.embedder.EclipseLogger - Copying 0 resource
2021-02-21 11:53:29,856 [Worker-182: Building] INFO  o.e.m.c.i.embedder.EclipseLogger - Using 'UTF-8' encoding to copy filtered resources.
2021-02-21 11:53:29,856 [Worker-182: Building] INFO  o.e.m.c.i.embedder.EclipseLogger - skip non existing resourceDirectory C:\Users\vitor\curso de java\HNTecnologia\backend\document\src\test\resources
2021-02-21 11:53:51,438 [Worker-180: Building] INFO  o.e.m.c.i.embedder.EclipseLogger - Using 'UTF-8' encoding to copy filtered resources.
2021-02-21 11:53:51,439 [Worker-180: Building] INFO  o.e.m.c.i.embedder.EclipseLogger - Copying 1 resource
2021-02-21 11:53:51,440 [Worker-180: Building] INFO  o.e.m.c.i.embedder.EclipseLogger - Copying 0 resource
2021-02-21 11:53:51,441 [Worker-180: Building] INFO  o.e.m.c.i.embedder.EclipseLogger - Using 'UTF-8' encoding to copy filtered resources.
2021-02-21 11:53:51,441 [Worker-180: Building] INFO  o.e.m.c.i.embedder.EclipseLogger - skip non existing resourceDirectory C:\Users\vitor\curso de java\HNTecnologia\backend\document\src\test\resources
2021-02-21 12:00:28,387 [Worker-188: Building] INFO  o.e.m.c.i.embedder.EclipseLogger - Using 'UTF-8' encoding to copy filtered resources.
2021-02-21 12:00:28,388 [Worker-188: Building] INFO  o.e.m.c.i.embedder.EclipseLogger - Copying 1 resource
2021-02-21 12:00:28,389 [Worker-188: Building] INFO  o.e.m.c.i.embedder.EclipseLogger - Copying 0 resource
2021-02-21 12:00:28,391 [Worker-188: Building] INFO  o.e.m.c.i.embedder.EclipseLogger - Using 'UTF-8' encoding to copy filtered resources.
2021-02-21 12:00:28,391 [Worker-188: Building] INFO  o.e.m.c.i.embedder.EclipseLogger - skip non existing resourceDirectory C:\Users\vitor\curso de java\HNTecnologia\backend\document\src\test\resources
2021-02-21 13:42:11,777 [Worker-195: Building] INFO  o.e.m.c.i.embedder.EclipseLogger - Using 'UTF-8' encoding to copy filtered resources.
2021-02-21 13:42:12,337 [Worker-195: Building] INFO  o.e.m.c.i.embedder.EclipseLogger - Copying 3 resources
2021-02-21 13:42:12,446 [Worker-195: Building] INFO  o.e.m.c.i.embedder.EclipseLogger - Copying 1 resource
2021-02-21 13:42:12,723 [Worker-195: Building] INFO  o.e.m.c.i.embedder.EclipseLogger - Using 'UTF-8' encoding to copy filtered resources.
2021-02-21 13:42:12,723 [Worker-195: Building] INFO  o.e.m.c.i.embedder.EclipseLogger - skip non existing resourceDirectory C:\Users\vitor\curso de java\HNTecnologia\backend\document\src\test\resources
2021-02-21 13:42:35,879 [Worker-195: Building] INFO  o.e.m.c.i.embedder.EclipseLogger - Using 'UTF-8' encoding to copy filtered resources.
2021-02-21 13:42:35,880 [Worker-195: Building] INFO  o.e.m.c.i.embedder.EclipseLogger - Copying 3 resources
2021-02-21 13:42:35,884 [Worker-195: Building] INFO  o.e.m.c.i.embedder.EclipseLogger - Copying 1 resource
2021-02-21 13:42:36,060 [Worker-195: Building] INFO  o.e.m.c.i.embedder.EclipseLogger - Using 'UTF-8' encoding to copy filtered resources.
2021-02-21 13:42:36,060 [Worker-195: Building] INFO  o.e.m.c.i.embedder.EclipseLogger - skip non existing resourceDirectory C:\Users\vitor\curso de java\HNTecnologia\backend\document\src\test\resources
2021-02-21 13:44:07,026 [Worker-196: Building] INFO  o.e.m.c.i.embedder.EclipseLogger - Using 'UTF-8' encoding to copy filtered resources.
2021-02-21 13:44:07,134 [Worker-196: Building] INFO  o.e.m.c.i.embedder.EclipseLogger - Copying 3 resources
2021-02-21 13:44:07,221 [Worker-196: Building] INFO  o.e.m.c.i.embedder.EclipseLogger - Copying 1 resource
2021-02-21 13:44:07,223 [Worker-196: Building] INFO  o.e.m.c.i.embedder.EclipseLogger - Using 'UTF-8' encoding to copy filtered resources.
2021-02-21 13:44:07,223 [Worker-196: Building] INFO  o.e.m.c.i.embedder.EclipseLogger - skip non existing resourceDirectory C:\Users\vitor\curso de java\HNTecnologia\backend\document\src\test\resources
2021-02-21 13:58:43,981 [Worker-197: Building] INFO  o.e.m.c.i.embedder.EclipseLogger - Using 'UTF-8' encoding to copy filtered resources.
2021-02-21 13:58:43,981 [Worker-197: Building] INFO  o.e.m.c.i.embedder.EclipseLogger - Copying 1 resource
2021-02-21 13:58:43,983 [Worker-197: Building] INFO  o.e.m.c.i.embedder.EclipseLogger - Copying 0 resource
2021-02-21 13:58:43,984 [Worker-197: Building] INFO  o.e.m.c.i.embedder.EclipseLogger - Using 'UTF-8' encoding to copy filtered resources.
2021-02-21 13:58:43,984 [Worker-197: Building] INFO  o.e.m.c.i.embedder.EclipseLogger - skip non existing resourceDirectory C:\Users\vitor\curso de java\HNTecnologia\backend\document\src\test\resources
2021-02-21 14:07:24,817 [Worker-198: Building] INFO  o.e.m.c.i.embedder.EclipseLogger - Using 'UTF-8' encoding to copy filtered resources.
2021-02-21 14:07:24,818 [Worker-198: Building] INFO  o.e.m.c.i.embedder.EclipseLogger - Copying 3 resources
2021-02-21 14:07:24,821 [Worker-198: Building] INFO  o.e.m.c.i.embedder.EclipseLogger - Copying 1 resource
2021-02-21 14:07:24,842 [Worker-198: Building] INFO  o.e.m.c.i.embedder.EclipseLogger - Using 'UTF-8' encoding to copy filtered resources.
2021-02-21 14:07:24,842 [Worker-198: Building] INFO  o.e.m.c.i.embedder.EclipseLogger - skip non existing resourceDirectory C:\Users\vitor\curso de java\HNTecnologia\backend\document\src\test\resources
2021-02-21 14:16:20,304 [Worker-201: Building] INFO  o.e.m.c.i.embedder.EclipseLogger - Using 'UTF-8' encoding to copy filtered resources.
2021-02-21 14:16:20,305 [Worker-201: Building] INFO  o.e.m.c.i.embedder.EclipseLogger - Copying 3 resources
2021-02-21 14:16:20,309 [Worker-201: Building] INFO  o.e.m.c.i.embedder.EclipseLogger - Copying 1 resource
2021-02-21 14:16:20,311 [Worker-201: Building] INFO  o.e.m.c.i.embedder.EclipseLogger - Using 'UTF-8' encoding to copy filtered resources.
2021-02-21 14:16:20,311 [Worker-201: Building] INFO  o.e.m.c.i.embedder.EclipseLogger - skip non existing resourceDirectory C:\Users\vitor\curso de java\HNTecnologia\backend\document\src\test\resources
2021-02-21 14:27:24,090 [Worker-205: Building] INFO  o.e.m.c.i.embedder.EclipseLogger - Using 'UTF-8' encoding to copy filtered resources.
2021-02-21 14:27:24,091 [Worker-205: Building] INFO  o.e.m.c.i.embedder.EclipseLogger - Copying 3 resources
2021-02-21 14:27:24,096 [Worker-205: Building] INFO  o.e.m.c.i.embedder.EclipseLogger - Copying 1 resource
2021-02-21 14:27:24,097 [Worker-205: Building] INFO  o.e.m.c.i.embedder.EclipseLogger - Using 'UTF-8' encoding to copy filtered resources.
2021-02-21 14:27:24,098 [Worker-205: Building] INFO  o.e.m.c.i.embedder.EclipseLogger - skip non existing resourceDirectory C:\Users\vitor\curso de java\HNTecnologia\backend\document\src\test\resources
2021-02-21 14:28:03,290 [Worker-202: Building] INFO  o.e.m.c.i.embedder.EclipseLogger - Using 'UTF-8' encoding to copy filtered resources.
2021-02-21 14:28:03,291 [Worker-202: Building] INFO  o.e.m.c.i.embedder.EclipseLogger - Copying 3 resources
2021-02-21 14:28:03,295 [Worker-202: Building] INFO  o.e.m.c.i.embedder.EclipseLogger - Copying 1 resource
2021-02-21 14:28:03,297 [Worker-202: Building] INFO  o.e.m.c.i.embedder.EclipseLogger - Using 'UTF-8' encoding to copy filtered resources.
2021-02-21 14:28:03,297 [Worker-202: Building] INFO  o.e.m.c.i.embedder.EclipseLogger - skip non existing resourceDirectory C:\Users\vitor\curso de java\HNTecnologia\backend\document\src\test\resources
2021-02-21 14:33:35,226 [Worker-202: Building] INFO  o.e.m.c.i.embedder.EclipseLogger - Using 'UTF-8' encoding to copy filtered resources.
2021-02-21 14:33:35,227 [Worker-202: Building] INFO  o.e.m.c.i.embedder.EclipseLogger - Copying 3 resources
2021-02-21 14:33:35,231 [Worker-202: Building] INFO  o.e.m.c.i.embedder.EclipseLogger - Copying 1 resource
2021-02-21 14:33:35,232 [Worker-202: Building] INFO  o.e.m.c.i.embedder.EclipseLogger - Using 'UTF-8' encoding to copy filtered resources.
2021-02-21 14:33:35,232 [Worker-202: Building] INFO  o.e.m.c.i.embedder.EclipseLogger - skip non existing resourceDirectory C:\Users\vitor\curso de java\HNTecnologia\backend\document\src\test\resources
2021-02-21 14:35:24,075 [Worker-208: Building] INFO  o.e.m.c.i.embedder.EclipseLogger - Using 'UTF-8' encoding to copy filtered resources.
2021-02-21 14:35:24,103 [Worker-208: Building] INFO  o.e.m.c.i.embedder.EclipseLogger - Copying 3 resources
2021-02-21 14:35:24,110 [Worker-208: Building] INFO  o.e.m.c.i.embedder.EclipseLogger - Copying 1 resource
2021-02-21 14:35:24,113 [Worker-208: Building] INFO  o.e.m.c.i.embedder.EclipseLogger - Using 'UTF-8' encoding to copy filtered resources.
2021-02-21 14:35:24,113 [Worker-208: Building] INFO  o.e.m.c.i.embedder.EclipseLogger - skip non existing resourceDirectory C:\Users\vitor\curso de java\HNTecnologia\backend\document\src\test\resources
2021-02-21 14:38:42,050 [Worker-211: Building] INFO  o.e.m.c.i.embedder.EclipseLogger - Using 'UTF-8' encoding to copy filtered resources.
2021-02-21 14:38:42,051 [Worker-211: Building] INFO  o.e.m.c.i.embedder.EclipseLogger - Copying 3 resources
2021-02-21 14:38:42,056 [Worker-211: Building] INFO  o.e.m.c.i.embedder.EclipseLogger - Copying 1 resource
2021-02-21 14:38:42,057 [Worker-211: Building] INFO  o.e.m.c.i.embedder.EclipseLogger - Using 'UTF-8' encoding to copy filtered resources.
2021-02-21 14:38:42,057 [Worker-211: Building] INFO  o.e.m.c.i.embedder.EclipseLogger - skip non existing resourceDirectory C:\Users\vitor\curso de java\HNTecnologia\backend\document\src\test\resources
2021-02-21 14:43:11,757 [Worker-212: Building] INFO  o.e.m.c.i.embedder.EclipseLogger - Using 'UTF-8' encoding to copy filtered resources.
2021-02-21 14:43:11,758 [Worker-212: Building] INFO  o.e.m.c.i.embedder.EclipseLogger - Copying 3 resources
2021-02-21 14:43:11,763 [Worker-212: Building] INFO  o.e.m.c.i.embedder.EclipseLogger - Copying 1 resource
2021-02-21 14:43:11,763 [Worker-212: Building] INFO  o.e.m.c.i.embedder.EclipseLogger - Using 'UTF-8' encoding to copy filtered resources.
2021-02-21 14:43:11,764 [Worker-212: Building] INFO  o.e.m.c.i.embedder.EclipseLogger - skip non existing resourceDirectory C:\Users\vitor\curso de java\HNTecnologia\backend\document\src\test\resources
2021-02-21 14:43:34,844 [Worker-211: Building] INFO  o.e.m.c.i.embedder.EclipseLogger - Using 'UTF-8' encoding to copy filtered resources.
2021-02-21 14:43:34,845 [Worker-211: Building] INFO  o.e.m.c.i.embedder.EclipseLogger - Copying 3 resources
2021-02-21 14:43:34,849 [Worker-211: Building] INFO  o.e.m.c.i.embedder.EclipseLogger - Copying 1 resource
2021-02-21 14:43:34,850 [Worker-211: Building] INFO  o.e.m.c.i.embedder.EclipseLogger - Using 'UTF-8' encoding to copy filtered resources.
2021-02-21 14:43:34,850 [Worker-211: Building] INFO  o.e.m.c.i.embedder.EclipseLogger - skip non existing resourceDirectory C:\Users\vitor\curso de java\HNTecnologia\backend\document\src\test\resources
2021-02-21 14:43:52,504 [Worker-203: Building] INFO  o.e.m.c.i.embedder.EclipseLogger - Using 'UTF-8' encoding to copy filtered resources.
2021-02-21 14:43:52,505 [Worker-203: Building] INFO  o.e.m.c.i.embedder.EclipseLogger - Copying 3 resources
2021-02-21 14:43:52,535 [Worker-203: Building] INFO  o.e.m.c.i.embedder.EclipseLogger - Copying 1 resource
2021-02-21 14:43:52,537 [Worker-203: Building] INFO  o.e.m.c.i.embedder.EclipseLogger - Using 'UTF-8' encoding to copy filtered resources.
2021-02-21 14:43:52,537 [Worker-203: Building] INFO  o.e.m.c.i.embedder.EclipseLogger - skip non existing resourceDirectory C:\Users\vitor\curso de java\HNTecnologia\backend\document\src\test\resources
2021-02-21 14:58:40,642 [Worker-217: Building] INFO  o.e.m.c.i.embedder.EclipseLogger - Using 'UTF-8' encoding to copy filtered resources.
2021-02-21 14:58:40,663 [Worker-217: Building] INFO  o.e.m.c.i.embedder.EclipseLogger - Copying 3 resources
2021-02-21 14:58:40,676 [Worker-217: Building] INFO  o.e.m.c.i.embedder.EclipseLogger - Copying 1 resource
2021-02-21 14:58:40,685 [Worker-217: Building] INFO  o.e.m.c.i.embedder.EclipseLogger - Using 'UTF-8' encoding to copy filtered resources.
2021-02-21 14:58:40,685 [Worker-217: Building] INFO  o.e.m.c.i.embedder.EclipseLogger - skip non existing resourceDirectory C:\Users\vitor\curso de java\HNTecnologia\backend\document\src\test\resources
2021-02-21 14:59:17,893 [Worker-217: Building] INFO  o.e.m.c.i.embedder.EclipseLogger - Using 'UTF-8' encoding to copy filtered resources.
2021-02-21 14:59:17,894 [Worker-217: Building] INFO  o.e.m.c.i.embedder.EclipseLogger - Copying 3 resources
2021-02-21 14:59:17,901 [Worker-217: Building] INFO  o.e.m.c.i.embedder.EclipseLogger - Copying 1 resource
2021-02-21 14:59:17,904 [Worker-217: Building] INFO  o.e.m.c.i.embedder.EclipseLogger - Using 'UTF-8' encoding to copy filtered resources.
2021-02-21 14:59:17,904 [Worker-217: Building] INFO  o.e.m.c.i.embedder.EclipseLogger - skip non existing resourceDirectory C:\Users\vitor\curso de java\HNTecnologia\backend\document\src\test\resources
2021-02-21 15:36:34,956 [Worker-230: Building] INFO  o.e.m.c.i.embedder.EclipseLogger - Using 'UTF-8' encoding to copy filtered resources.
2021-02-21 15:36:35,020 [Worker-230: Building] INFO  o.e.m.c.i.embedder.EclipseLogger - Copying 3 resources
2021-02-21 15:36:35,221 [Worker-230: Building] INFO  o.e.m.c.i.embedder.EclipseLogger - Copying 1 resource
2021-02-21 15:36:35,223 [Worker-230: Building] INFO  o.e.m.c.i.embedder.EclipseLogger - Using 'UTF-8' encoding to copy filtered resources.
2021-02-21 15:36:35,223 [Worker-230: Building] INFO  o.e.m.c.i.embedder.EclipseLogger - skip non existing resourceDirectory C:\Users\vitor\curso de java\HNTecnologia\backend\document\src\test\resources
2021-02-21 15:39:58,176 [Worker-224: Building] INFO  o.e.m.c.i.embedder.EclipseLogger - Using 'UTF-8' encoding to copy filtered resources.
2021-02-21 15:39:58,177 [Worker-224: Building] INFO  o.e.m.c.i.embedder.EclipseLogger - Copying 3 resources
2021-02-21 15:39:58,181 [Worker-224: Building] INFO  o.e.m.c.i.embedder.EclipseLogger - Copying 1 resource
2021-02-21 15:39:58,182 [Worker-224: Building] INFO  o.e.m.c.i.embedder.EclipseLogger - Using 'UTF-8' encoding to copy filtered resources.
2021-02-21 15:39:58,182 [Worker-224: Building] INFO  o.e.m.c.i.embedder.EclipseLogger - skip non existing resourceDirectory C:\Users\vitor\curso de java\HNTecnologia\backend\document\src\test\resources
2021-02-21 15:40:47,076 [Worker-224: Building] INFO  o.e.m.c.i.embedder.EclipseLogger - Using 'UTF-8' encoding to copy filtered resources.
2021-02-21 15:40:47,078 [Worker-224: Building] INFO  o.e.m.c.i.embedder.EclipseLogger - Copying 3 resources
2021-02-21 15:40:47,086 [Worker-224: Building] INFO  o.e.m.c.i.embedder.EclipseLogger - Copying 1 resource
2021-02-21 15:40:47,088 [Worker-224: Building] INFO  o.e.m.c.i.embedder.EclipseLogger - Using 'UTF-8' encoding to copy filtered resources.
2021-02-21 15:40:47,088 [Worker-224: Building] INFO  o.e.m.c.i.embedder.EclipseLogger - skip non existing resourceDirectory C:\Users\vitor\curso de java\HNTecnologia\backend\document\src\test\resources
2021-02-21 15:42:04,590 [Worker-233: Building] INFO  o.e.m.c.i.embedder.EclipseLogger - Using 'UTF-8' encoding to copy filtered resources.
2021-02-21 15:42:04,592 [Worker-233: Building] INFO  o.e.m.c.i.embedder.EclipseLogger - Copying 3 resources
2021-02-21 15:42:04,597 [Worker-233: Building] INFO  o.e.m.c.i.embedder.EclipseLogger - Copying 1 resource
2021-02-21 15:42:04,599 [Worker-233: Building] INFO  o.e.m.c.i.embedder.EclipseLogger - Using 'UTF-8' encoding to copy filtered resources.
2021-02-21 15:42:04,599 [Worker-233: Building] INFO  o.e.m.c.i.embedder.EclipseLogger - skip non existing resourceDirectory C:\Users\vitor\curso de java\HNTecnologia\backend\document\src\test\resources
2021-02-21 16:00:43,552 [Worker-234: Building] INFO  o.e.m.c.i.embedder.EclipseLogger - Using 'UTF-8' encoding to copy filtered resources.
2021-02-21 16:00:43,603 [Worker-234: Building] INFO  o.e.m.c.i.embedder.EclipseLogger - Copying 0 resource
2021-02-21 16:00:43,603 [Worker-234: Building] INFO  o.e.m.c.i.embedder.EclipseLogger - Copying 0 resource
2021-02-21 16:00:43,614 [Worker-234: Building] INFO  o.e.m.c.i.embedder.EclipseLogger - Using 'UTF-8' encoding to copy filtered resources.
2021-02-21 16:00:43,615 [Worker-234: Building] INFO  o.e.m.c.i.embedder.EclipseLogger - skip non existing resourceDirectory C:\Users\vitor\curso de java\HNTecnologia\backend\document\src\test\resources
2021-02-21 17:50:55,239 [Worker-285: Building] INFO  o.e.m.c.i.embedder.EclipseLogger - Using 'UTF-8' encoding to copy filtered resources.
2021-02-21 17:50:55,400 [Worker-285: Building] INFO  o.e.m.c.i.embedder.EclipseLogger - Copying 3 resources
2021-02-21 17:50:55,760 [Worker-285: Building] INFO  o.e.m.c.i.embedder.EclipseLogger - Copying 1 resource
2021-02-21 17:50:55,767 [Worker-285: Building] INFO  o.e.m.c.i.embedder.EclipseLogger - Using 'UTF-8' encoding to copy filtered resources.
2021-02-21 17:50:55,767 [Worker-285: Building] INFO  o.e.m.c.i.embedder.EclipseLogger - skip non existing resourceDirectory C:\Users\vitor\curso de java\HNTecnologia\backend\document\src\test\resources
2021-02-21 17:51:08,824 [Worker-280: Building] INFO  o.e.m.c.i.embedder.EclipseLogger - Using 'UTF-8' encoding to copy filtered resources.
2021-02-21 17:51:08,824 [Worker-280: Building] INFO  o.e.m.c.i.embedder.EclipseLogger - Copying 0 resource
2021-02-21 17:51:08,824 [Worker-280: Building] INFO  o.e.m.c.i.embedder.EclipseLogger - Copying 0 resource
2021-02-21 17:51:08,825 [Worker-280: Building] INFO  o.e.m.c.i.embedder.EclipseLogger - Using 'UTF-8' encoding to copy filtered resources.
2021-02-21 17:51:08,825 [Worker-280: Building] INFO  o.e.m.c.i.embedder.EclipseLogger - skip non existing resourceDirectory C:\Users\vitor\curso de java\HNTecnologia\backend\document\src\test\resources
2021-02-21 18:36:19,321 [Worker-287: Building] INFO  o.e.m.c.i.embedder.EclipseLogger - Using 'UTF-8' encoding to copy filtered resources.
2021-02-21 18:36:19,908 [Worker-287: Building] INFO  o.e.m.c.i.embedder.EclipseLogger - Copying 1 resource
2021-02-21 18:36:21,129 [Worker-287: Building] INFO  o.e.m.c.i.embedder.EclipseLogger - Copying 0 resource
2021-02-21 18:36:26,274 [Worker-287: Building] INFO  o.e.m.c.i.embedder.EclipseLogger - Using 'UTF-8' encoding to copy filtered resources.
2021-02-21 18:36:26,274 [Worker-287: Building] INFO  o.e.m.c.i.embedder.EclipseLogger - skip non existing resourceDirectory C:\Users\vitor\curso de java\HNTecnologia\backend\document\src\test\resources
2021-02-21 18:55:26,246 [Worker-285: Building] INFO  o.e.m.c.i.embedder.EclipseLogger - Using 'UTF-8' encoding to copy filtered resources.
2021-02-21 18:55:26,246 [Worker-285: Building] INFO  o.e.m.c.i.embedder.EclipseLogger - Copying 1 resource
2021-02-21 18:55:26,257 [Worker-285: Building] INFO  o.e.m.c.i.embedder.EclipseLogger - Copying 0 resource
2021-02-21 18:55:26,258 [Worker-285: Building] INFO  o.e.m.c.i.embedder.EclipseLogger - Using 'UTF-8' encoding to copy filtered resources.
2021-02-21 18:55:26,259 [Worker-285: Building] INFO  o.e.m.c.i.embedder.EclipseLogger - skip non existing resourceDirectory C:\Users\vitor\curso de java\HNTecnologia\backend\document\src\test\resources
2021-02-21 19:03:03,042 [Worker-293: Building] INFO  o.e.m.c.i.embedder.EclipseLogger - Using 'UTF-8' encoding to copy filtered resources.
2021-02-21 19:03:03,042 [Worker-293: Building] INFO  o.e.m.c.i.embedder.EclipseLogger - Copying 1 resource
2021-02-21 19:03:03,045 [Worker-293: Building] INFO  o.e.m.c.i.embedder.EclipseLogger - Copying 0 resource
2021-02-21 19:03:03,047 [Worker-293: Building] INFO  o.e.m.c.i.embedder.EclipseLogger - Using 'UTF-8' encoding to copy filtered resources.
2021-02-21 19:03:03,047 [Worker-293: Building] INFO  o.e.m.c.i.embedder.EclipseLogger - skip non existing resourceDirectory C:\Users\vitor\curso de java\HNTecnologia\backend\document\src\test\resources
2021-02-22 07:53:39,226 [Worker-296: Building] INFO  o.e.m.c.i.embedder.EclipseLogger - Using 'UTF-8' encoding to copy filtered resources.
2021-02-22 07:53:39,350 [Worker-296: Building] INFO  o.e.m.c.i.embedder.EclipseLogger - Copying 1 resource
2021-02-22 07:53:39,479 [Worker-296: Building] INFO  o.e.m.c.i.embedder.EclipseLogger - Copying 0 resource
2021-02-22 07:53:39,481 [Worker-296: Building] INFO  o.e.m.c.i.embedder.EclipseLogger - Using 'UTF-8' encoding to copy filtered resources.
2021-02-22 07:53:39,481 [Worker-296: Building] INFO  o.e.m.c.i.embedder.EclipseLogger - skip non existing resourceDirectory C:\Users\vitor\curso de java\HNTecnologia\backend\document\src\test\resources
2021-02-22 12:35:01,634 [Worker-331: Building] INFO  o.e.m.c.i.embedder.EclipseLogger - Using 'UTF-8' encoding to copy filtered resources.
2021-02-22 12:35:01,692 [Worker-331: Building] INFO  o.e.m.c.i.embedder.EclipseLogger - Copying 1 resource
2021-02-22 12:35:01,727 [Worker-331: Building] INFO  o.e.m.c.i.embedder.EclipseLogger - Copying 0 resource
2021-02-22 12:35:01,760 [Worker-331: Building] INFO  o.e.m.c.i.embedder.EclipseLogger - Using 'UTF-8' encoding to copy filtered resources.
2021-02-22 12:35:01,761 [Worker-331: Building] INFO  o.e.m.c.i.embedder.EclipseLogger - skip non existing resourceDirectory C:\Users\vitor\curso de java\HNTecnologia\backend\document\src\test\resources
2021-02-22 12:48:11,211 [Worker-334: Building] INFO  o.e.m.c.i.embedder.EclipseLogger - Using 'UTF-8' encoding to copy filtered resources.
2021-02-22 12:48:11,211 [Worker-334: Building] INFO  o.e.m.c.i.embedder.EclipseLogger - Copying 0 resource
2021-02-22 12:48:11,211 [Worker-334: Building] INFO  o.e.m.c.i.embedder.EclipseLogger - Copying 1 resource
2021-02-22 12:48:11,592 [Worker-334: Building] INFO  o.e.m.c.i.embedder.EclipseLogger - Using 'UTF-8' encoding to copy filtered resources.
2021-02-22 12:48:11,592 [Worker-334: Building] INFO  o.e.m.c.i.embedder.EclipseLogger - skip non existing resourceDirectory C:\Users\vitor\curso de java\HNTecnologia\backend\document\src\test\resources
2021-02-22 12:52:42,007 [Worker-338: Building] INFO  o.e.m.c.i.embedder.EclipseLogger - Using 'UTF-8' encoding to copy filtered resources.
2021-02-22 12:52:42,007 [Worker-338: Building] INFO  o.e.m.c.i.embedder.EclipseLogger - Copying 0 resource
2021-02-22 12:52:42,007 [Worker-338: Building] INFO  o.e.m.c.i.embedder.EclipseLogger - Copying 1 resource
2021-02-22 12:52:48,411 [Worker-338: Building] INFO  o.e.m.c.i.embedder.EclipseLogger - Using 'UTF-8' encoding to copy filtered resources.
2021-02-22 12:52:48,411 [Worker-338: Building] INFO  o.e.m.c.i.embedder.EclipseLogger - skip non existing resourceDirectory C:\Users\vitor\curso de java\HNTecnologia\backend\document\src\test\resources
2021-02-22 13:12:13,409 [Worker-335: Building] INFO  o.e.m.c.i.embedder.EclipseLogger - Using 'UTF-8' encoding to copy filtered resources.
2021-02-22 13:12:13,409 [Worker-335: Building] INFO  o.e.m.c.i.embedder.EclipseLogger - Copying 1 resource
2021-02-22 13:12:13,412 [Worker-335: Building] INFO  o.e.m.c.i.embedder.EclipseLogger - Copying 0 resource
2021-02-22 13:12:13,413 [Worker-335: Building] INFO  o.e.m.c.i.embedder.EclipseLogger - Using 'UTF-8' encoding to copy filtered resources.
2021-02-22 13:12:13,413 [Worker-335: Building] INFO  o.e.m.c.i.embedder.EclipseLogger - skip non existing resourceDirectory C:\Users\vitor\curso de java\HNTecnologia\backend\document\src\test\resources
2021-02-22 13:12:26,143 [Worker-352: Building] INFO  o.e.m.c.i.embedder.EclipseLogger - Using 'UTF-8' encoding to copy filtered resources.
2021-02-22 13:12:26,143 [Worker-352: Building] INFO  o.e.m.c.i.embedder.EclipseLogger - Copying 1 resource
2021-02-22 13:12:26,144 [Worker-352: Building] INFO  o.e.m.c.i.embedder.EclipseLogger - Copying 0 resource
2021-02-22 13:12:26,145 [Worker-352: Building] INFO  o.e.m.c.i.embedder.EclipseLogger - Using 'UTF-8' encoding to copy filtered resources.
2021-02-22 13:12:26,146 [Worker-352: Building] INFO  o.e.m.c.i.embedder.EclipseLogger - skip non existing resourceDirectory C:\Users\vitor\curso de java\HNTecnologia\backend\document\src\test\resources
2021-02-22 13:39:24,598 [Worker-381: Building] INFO  o.e.m.c.i.embedder.EclipseLogger - Using 'UTF-8' encoding to copy filtered resources.
2021-02-22 13:39:24,600 [Worker-381: Building] INFO  o.e.m.c.i.embedder.EclipseLogger - Copying 3 resources
2021-02-22 13:39:24,670 [Worker-381: Building] INFO  o.e.m.c.i.embedder.EclipseLogger - Copying 1 resource
2021-02-22 13:39:24,672 [Worker-381: Building] INFO  o.e.m.c.i.embedder.EclipseLogger - Using 'UTF-8' encoding to copy filtered resources.
2021-02-22 13:39:24,672 [Worker-381: Building] INFO  o.e.m.c.i.embedder.EclipseLogger - skip non existing resourceDirectory C:\Users\vitor\curso de java\HNTecnologia\backend\document\src\test\resources
2021-02-22 13:40:10,804 [Worker-381: Building] INFO  o.e.m.c.i.embedder.EclipseLogger - Using 'UTF-8' encoding to copy filtered resources.
2021-02-22 13:40:10,804 [Worker-381: Building] INFO  o.e.m.c.i.embedder.EclipseLogger - Copying 1 resource
2021-02-22 13:40:10,806 [Worker-381: Building] INFO  o.e.m.c.i.embedder.EclipseLogger - Copying 0 resource
2021-02-22 13:40:10,807 [Worker-381: Building] INFO  o.e.m.c.i.embedder.EclipseLogger - Using 'UTF-8' encoding to copy filtered resources.
2021-02-22 13:40:10,807 [Worker-381: Building] INFO  o.e.m.c.i.embedder.EclipseLogger - skip non existing resourceDirectory C:\Users\vitor\curso de java\HNTecnologia\backend\document\src\test\resources
